{"timestamp":"2025-09-23T15:33:05.804297","level":"info","event":"DAG bundles loaded: dags-folder","logger":"airflow.dag_processing.bundles.manager.DagBundlesManager"}
{"timestamp":"2025-09-23T15:33:05.804940","level":"info","event":"Filling up the DagBag from /opt/airflow/dags/dynamic_training_dag.py","logger":"airflow.models.dagbag.DagBag"}
{"timestamp":"2025-09-23T15:33:07.043914","level":"info","event":"Tmp dir root location: /tmp","logger":"airflow.task.hooks.airflow.providers.standard.hooks.subprocess.SubprocessHook"}
{"timestamp":"2025-09-23T15:33:07.045307","level":"info","event":"Running command: ['/usr/bin/bash', '-c', 'python /opt/airflow/dags/src/load_champion_model.py']","logger":"airflow.task.hooks.airflow.providers.standard.hooks.subprocess.SubprocessHook"}
{"timestamp":"2025-09-23T15:33:07.061982","level":"info","event":"Output:","logger":"airflow.task.hooks.airflow.providers.standard.hooks.subprocess.SubprocessHook"}
{"timestamp":"2025-09-23T15:33:09.892705","level":"info","event":"MLflow 서버에 연결을 시도합니다: http://mlflow:5000","logger":"airflow.task.hooks.airflow.providers.standard.hooks.subprocess.SubprocessHook"}
{"timestamp":"2025-09-23T15:33:09.892852","level":"info","event":"모델 로드를 시도합니다: models:/champion_model@champion","logger":"airflow.task.hooks.airflow.providers.standard.hooks.subprocess.SubprocessHook"}
{"timestamp":"2025-09-23T15:33:10.049116","level":"info","event":"\rDownloading artifacts:   0%|          | 0/7 [00:00<?, ?it/s]\rDownloading artifacts:  14%|█▍        | 1/7 [00:00<00:00, 27.36it/s]\rDownloading artifacts:  29%|██▊       | 2/7 [00:00<00:00, 48.35it/s]\rDownloading artifacts:  43%|████▎     | 3/7 [00:00<00:00, 43.90it/s]\rDownloading artifacts:  57%|█████▋    | 4/7 [00:00<00:00, 53.52it/s]\rDownloading artifacts:  71%|███████▏  | 5/7 [00:00<00:00, 49.95it/s]\rDownloading artifacts:  71%|███████▏  | 5/7 [00:00<00:00, 49.95it/s]\rDownloading artifacts:  86%|████████▌ | 6/7 [00:00<00:00, 49.95it/s]\rDownloading artifacts: 100%|██████████| 7/7 [00:00<00:00, 49.95it/s]\rDownloading artifacts: 100%|██████████| 7/7 [00:00<00:00, 44.80it/s]","logger":"airflow.task.hooks.airflow.providers.standard.hooks.subprocess.SubprocessHook"}
{"timestamp":"2025-09-23T15:33:11.834556","level":"info","event":"✅ 모델 로딩에 성공했습니다!","logger":"airflow.task.hooks.airflow.providers.standard.hooks.subprocess.SubprocessHook"}
{"timestamp":"2025-09-23T15:33:11.834726","level":"info","event":"","logger":"airflow.task.hooks.airflow.providers.standard.hooks.subprocess.SubprocessHook"}
{"timestamp":"2025-09-23T15:33:11.834802","level":"info","event":"--- 샘플 데이터 ---","logger":"airflow.task.hooks.airflow.providers.standard.hooks.subprocess.SubprocessHook"}
{"timestamp":"2025-09-23T15:33:11.834873","level":"info","event":"         V1        V2        V3  ...       V28  scaled_amount  scaled_time","logger":"airflow.task.hooks.airflow.providers.standard.hooks.subprocess.SubprocessHook"}
{"timestamp":"2025-09-23T15:33:11.834933","level":"info","event":"0  0.001479  0.691394  0.589817  ...  0.717480       0.830144     0.532029","logger":"airflow.task.hooks.airflow.providers.standard.hooks.subprocess.SubprocessHook"}
{"timestamp":"2025-09-23T15:33:11.834991","level":"info","event":"1  0.610897  0.236354  0.064824  ...  0.832679       0.097826     0.172351","logger":"airflow.task.hooks.airflow.providers.standard.hooks.subprocess.SubprocessHook"}
{"timestamp":"2025-09-23T15:33:11.835044","level":"info","event":"","logger":"airflow.task.hooks.airflow.providers.standard.hooks.subprocess.SubprocessHook"}
{"timestamp":"2025-09-23T15:33:11.835096","level":"info","event":"[2 rows x 30 columns]","logger":"airflow.task.hooks.airflow.providers.standard.hooks.subprocess.SubprocessHook"}
{"timestamp":"2025-09-23T15:33:11.835147","level":"info","event":"","logger":"airflow.task.hooks.airflow.providers.standard.hooks.subprocess.SubprocessHook"}
{"timestamp":"2025-09-23T15:33:11.835200","level":"info","event":"--- 예측 결과 ---","logger":"airflow.task.hooks.airflow.providers.standard.hooks.subprocess.SubprocessHook"}
{"timestamp":"2025-09-23T15:33:11.835260","level":"info","event":"[0 0]","logger":"airflow.task.hooks.airflow.providers.standard.hooks.subprocess.SubprocessHook"}
{"timestamp":"2025-09-23T15:33:12.122575","level":"info","event":"Command exited with return code 0","logger":"airflow.task.hooks.airflow.providers.standard.hooks.subprocess.SubprocessHook"}
{"timestamp":"2025-09-23T15:33:12.123249","level":"info","event":"Pushing xcom","ti":"RuntimeTaskInstance(id=UUID('01997734-a127-7b5e-84ee-415f2e487226'), task_id='run_batch_prediction', dag_id='dynamic_fraud_training_pipeline', run_id='manual__2025-09-23T15:32:41.875198+00:00', try_number=1, map_index=-1, hostname='caa38e49cf1b', context_carrier={}, task=<Task(BashOperator): run_batch_prediction>, bundle_instance=LocalDagBundle(name=dags-folder), max_tries=0, start_date=datetime.datetime(2025, 9, 23, 15, 33, 5, 646203, tzinfo=datetime.timezone.utc), end_date=None, state=<TaskInstanceState.RUNNING: 'running'>, is_mapped=False, rendered_map_index=None, log_url='http://localhost:8080/dags/dynamic_fraud_training_pipeline/runs/manual__2025-09-23T15%3A32%3A41.875198%2B00%3A00/tasks/run_batch_prediction?try_number=1')","logger":"task"}
