{"timestamp":"2025-09-23T10:34:35.497241","level":"info","event":"DAG bundles loaded: dags-folder","logger":"airflow.dag_processing.bundles.manager.DagBundlesManager"}
{"timestamp":"2025-09-23T10:34:35.497788","level":"info","event":"Filling up the DagBag from /opt/airflow/dags/dynamic_training_dag.py","logger":"airflow.models.dagbag.DagBag"}
{"timestamp":"2025-09-23T10:34:36.526303","level":"info","event":"Tmp dir root location: /tmp","logger":"airflow.task.hooks.airflow.providers.standard.hooks.subprocess.SubprocessHook"}
{"timestamp":"2025-09-23T10:34:36.526991","level":"info","event":"Running command: ['/usr/bin/bash', '-c', 'python /opt/airflow/dags/src/load_champion_model.py']","logger":"airflow.task.hooks.airflow.providers.standard.hooks.subprocess.SubprocessHook"}
{"timestamp":"2025-09-23T10:34:36.539113","level":"info","event":"Output:","logger":"airflow.task.hooks.airflow.providers.standard.hooks.subprocess.SubprocessHook"}
{"timestamp":"2025-09-23T10:34:38.528265","level":"info","event":"MLflow 서버에 연결을 시도합니다: http://mlflow:5000","logger":"airflow.task.hooks.airflow.providers.standard.hooks.subprocess.SubprocessHook"}
{"timestamp":"2025-09-23T10:34:38.528415","level":"info","event":"모델 로드를 시도합니다: models:/champion_model@champion","logger":"airflow.task.hooks.airflow.providers.standard.hooks.subprocess.SubprocessHook"}
{"timestamp":"2025-09-23T10:34:41.049007","level":"info","event":"\rDownloading artifacts:   0%|          | 0/7 [00:00<?, ?it/s]\rDownloading artifacts:  14%|█▍        | 1/7 [00:00<-1:59:58, -2.10it/s]\rDownloading artifacts:  29%|██▊       | 2/7 [00:00<-1:59:59, -4.27it/s]\rDownloading artifacts:  43%|████▎     | 3/7 [00:00<00:00, -6.51it/s]   \rDownloading artifacts:  57%|█████▋    | 4/7 [00:00<00:00, -9.15it/s]\rDownloading artifacts:  71%|███████▏  | 5/7 [00:00<00:00, -12.34it/s]\rDownloading artifacts:  86%|████████▌ | 6/7 [00:00<00:00, -18.01it/s]\rDownloading artifacts: 100%|██████████| 7/7 [00:02<00:00,  2.78it/s] \rDownloading artifacts: 100%|██████████| 7/7 [00:02<00:00,  2.78it/s]\rDownloading artifacts: 100%|██████████| 7/7 [00:02<00:00,  2.78it/s]","logger":"airflow.task.hooks.airflow.providers.standard.hooks.subprocess.SubprocessHook"}
{"timestamp":"2025-09-23T10:34:42.409766","level":"info","event":"✅ 모델 로딩에 성공했습니다!","logger":"airflow.task.hooks.airflow.providers.standard.hooks.subprocess.SubprocessHook"}
{"timestamp":"2025-09-23T10:34:42.410148","level":"info","event":"","logger":"airflow.task.hooks.airflow.providers.standard.hooks.subprocess.SubprocessHook"}
{"timestamp":"2025-09-23T10:34:42.410384","level":"info","event":"--- 샘플 데이터 ---","logger":"airflow.task.hooks.airflow.providers.standard.hooks.subprocess.SubprocessHook"}
{"timestamp":"2025-09-23T10:34:42.410598","level":"info","event":"         V1        V2        V3  ...       V28  scaled_amount  scaled_time","logger":"airflow.task.hooks.airflow.providers.standard.hooks.subprocess.SubprocessHook"}
{"timestamp":"2025-09-23T10:34:42.410803","level":"info","event":"0  0.732889  0.660054  0.125236  ...  0.747243       0.364862     0.849471","logger":"airflow.task.hooks.airflow.providers.standard.hooks.subprocess.SubprocessHook"}
{"timestamp":"2025-09-23T10:34:42.410945","level":"info","event":"1  0.713327  0.101112  0.307701  ...  0.967010       0.652816     0.383175","logger":"airflow.task.hooks.airflow.providers.standard.hooks.subprocess.SubprocessHook"}
{"timestamp":"2025-09-23T10:34:42.411167","level":"info","event":"","logger":"airflow.task.hooks.airflow.providers.standard.hooks.subprocess.SubprocessHook"}
{"timestamp":"2025-09-23T10:34:42.411236","level":"info","event":"[2 rows x 30 columns]","logger":"airflow.task.hooks.airflow.providers.standard.hooks.subprocess.SubprocessHook"}
{"timestamp":"2025-09-23T10:34:42.411302","level":"info","event":"","logger":"airflow.task.hooks.airflow.providers.standard.hooks.subprocess.SubprocessHook"}
{"timestamp":"2025-09-23T10:34:42.411367","level":"info","event":"--- 예측 결과 ---","logger":"airflow.task.hooks.airflow.providers.standard.hooks.subprocess.SubprocessHook"}
{"timestamp":"2025-09-23T10:34:42.411460","level":"info","event":"[0 0]","logger":"airflow.task.hooks.airflow.providers.standard.hooks.subprocess.SubprocessHook"}
{"timestamp":"2025-09-23T10:34:42.689502","level":"info","event":"Command exited with return code 0","logger":"airflow.task.hooks.airflow.providers.standard.hooks.subprocess.SubprocessHook"}
{"timestamp":"2025-09-23T10:34:42.690030","level":"info","event":"Pushing xcom","ti":"RuntimeTaskInstance(id=UUID('01997623-284b-772a-b663-15fe2f63ecea'), task_id='run_batch_prediction', dag_id='dynamic_fraud_training_pipeline', run_id='manual__2025-09-23T10:33:59.608954+00:00', try_number=1, map_index=-1, hostname='c93b509a713d', context_carrier={}, task=<Task(BashOperator): run_batch_prediction>, bundle_instance=LocalDagBundle(name=dags-folder), max_tries=0, start_date=datetime.datetime(2025, 9, 23, 10, 34, 35, 348040, tzinfo=datetime.timezone.utc), end_date=None, state=<TaskInstanceState.RUNNING: 'running'>, is_mapped=False, rendered_map_index=None, log_url='http://localhost:8080/dags/dynamic_fraud_training_pipeline/runs/manual__2025-09-23T10%3A33%3A59.608954%2B00%3A00/tasks/run_batch_prediction?try_number=1')","logger":"task"}
