{"timestamp":"2025-09-23T10:23:26.042645","level":"info","event":"DAG bundles loaded: dags-folder","logger":"airflow.dag_processing.bundles.manager.DagBundlesManager"}
{"timestamp":"2025-09-23T10:23:26.043151","level":"info","event":"Filling up the DagBag from /opt/airflow/dags/dynamic_training_dag.py","logger":"airflow.models.dagbag.DagBag"}
{"timestamp":"2025-09-23T10:23:26.906659","level":"info","event":"Tmp dir root location: /tmp","logger":"airflow.task.hooks.airflow.providers.standard.hooks.subprocess.SubprocessHook"}
{"timestamp":"2025-09-23T10:23:26.907269","level":"info","event":"Running command: ['/usr/bin/bash', '-c', 'python /opt/airflow/dags/src/load_champion_model.py']","logger":"airflow.task.hooks.airflow.providers.standard.hooks.subprocess.SubprocessHook"}
{"timestamp":"2025-09-23T10:23:26.918501","level":"info","event":"Output:","logger":"airflow.task.hooks.airflow.providers.standard.hooks.subprocess.SubprocessHook"}
{"timestamp":"2025-09-23T10:23:29.170233","level":"info","event":"MLflow 서버에 연결을 시도합니다: http://mlflow:5000","logger":"airflow.task.hooks.airflow.providers.standard.hooks.subprocess.SubprocessHook"}
{"timestamp":"2025-09-23T10:23:29.170493","level":"info","event":"모델 로드를 시도합니다: models:/champion_model@champion","logger":"airflow.task.hooks.airflow.providers.standard.hooks.subprocess.SubprocessHook"}
{"timestamp":"2025-09-23T10:23:32.730077","level":"info","event":"\rDownloading artifacts:   0%|          | 0/7 [00:00<?, ?it/s]\rDownloading artifacts:  14%|█▍        | 1/7 [00:00<00:00, 27.21it/s]\rDownloading artifacts:  29%|██▊       | 2/7 [00:00<00:00, 45.05it/s]\rDownloading artifacts:  43%|████▎     | 3/7 [00:00<00:00, 37.58it/s]\rDownloading artifacts:  57%|█████▋    | 4/7 [00:00<00:00, 37.86it/s]\rDownloading artifacts:  57%|█████▋    | 4/7 [00:00<00:00, 37.86it/s]\rDownloading artifacts:  71%|███████▏  | 5/7 [00:00<00:00, 37.86it/s]\rDownloading artifacts:  86%|████████▌ | 6/7 [00:00<00:00, 37.86it/s]\rDownloading artifacts: 100%|██████████| 7/7 [00:03<00:00, 37.86it/s]\rDownloading artifacts: 100%|██████████| 7/7 [00:03<00:00,  1.97it/s]","logger":"airflow.task.hooks.airflow.providers.standard.hooks.subprocess.SubprocessHook"}
{"timestamp":"2025-09-23T10:23:33.315542","level":"info","event":"✅ 모델 로딩에 성공했습니다!","logger":"airflow.task.hooks.airflow.providers.standard.hooks.subprocess.SubprocessHook"}
{"timestamp":"2025-09-23T10:23:33.315779","level":"info","event":"","logger":"airflow.task.hooks.airflow.providers.standard.hooks.subprocess.SubprocessHook"}
{"timestamp":"2025-09-23T10:23:33.315888","level":"info","event":"--- 샘플 데이터 ---","logger":"airflow.task.hooks.airflow.providers.standard.hooks.subprocess.SubprocessHook"}
{"timestamp":"2025-09-23T10:23:33.315996","level":"info","event":"         V1        V2        V3  ...       V28  scaled_amount  scaled_time","logger":"airflow.task.hooks.airflow.providers.standard.hooks.subprocess.SubprocessHook"}
{"timestamp":"2025-09-23T10:23:33.316082","level":"info","event":"0  0.553189  0.270623  0.749734  ...  0.085603       0.099927     0.105627","logger":"airflow.task.hooks.airflow.providers.standard.hooks.subprocess.SubprocessHook"}
{"timestamp":"2025-09-23T10:23:33.316152","level":"info","event":"1  0.398853  0.689138  0.818867  ...  0.258101       0.241465     0.069133","logger":"airflow.task.hooks.airflow.providers.standard.hooks.subprocess.SubprocessHook"}
{"timestamp":"2025-09-23T10:23:33.316222","level":"info","event":"","logger":"airflow.task.hooks.airflow.providers.standard.hooks.subprocess.SubprocessHook"}
{"timestamp":"2025-09-23T10:23:33.316293","level":"info","event":"[2 rows x 30 columns]","logger":"airflow.task.hooks.airflow.providers.standard.hooks.subprocess.SubprocessHook"}
{"timestamp":"2025-09-23T10:23:33.316362","level":"info","event":"","logger":"airflow.task.hooks.airflow.providers.standard.hooks.subprocess.SubprocessHook"}
{"timestamp":"2025-09-23T10:23:33.316429","level":"info","event":"--- 예측 결과 ---","logger":"airflow.task.hooks.airflow.providers.standard.hooks.subprocess.SubprocessHook"}
{"timestamp":"2025-09-23T10:23:33.316569","level":"info","event":"[0 0]","logger":"airflow.task.hooks.airflow.providers.standard.hooks.subprocess.SubprocessHook"}
{"timestamp":"2025-09-23T10:23:33.650879","level":"info","event":"Command exited with return code 0","logger":"airflow.task.hooks.airflow.providers.standard.hooks.subprocess.SubprocessHook"}
{"timestamp":"2025-09-23T10:23:33.651665","level":"info","event":"Pushing xcom","ti":"RuntimeTaskInstance(id=UUID('01997618-f684-7c68-93ed-653f5128b35a'), task_id='run_batch_prediction', dag_id='dynamic_fraud_training_pipeline', run_id='manual__2025-09-23T10:22:51.502999+00:00', try_number=1, map_index=-1, hostname='c93b509a713d', context_carrier={}, task=<Task(BashOperator): run_batch_prediction>, bundle_instance=LocalDagBundle(name=dags-folder), max_tries=0, start_date=datetime.datetime(2025, 9, 23, 10, 23, 25, 921233, tzinfo=datetime.timezone.utc), end_date=None, state=<TaskInstanceState.RUNNING: 'running'>, is_mapped=False, rendered_map_index=None, log_url='http://localhost:8080/dags/dynamic_fraud_training_pipeline/runs/manual__2025-09-23T10%3A22%3A51.502999%2B00%3A00/tasks/run_batch_prediction?try_number=1')","logger":"task"}
