{"timestamp":"2025-09-24T12:01:25.166197","level":"info","event":"DAG bundles loaded: dags-folder","logger":"airflow.dag_processing.bundles.manager.DagBundlesManager"}
{"timestamp":"2025-09-24T12:01:25.166857","level":"info","event":"Filling up the DagBag from /opt/airflow/dags/dynamic_training_dag.py","logger":"airflow.models.dagbag.DagBag"}
{"timestamp":"2025-09-24T12:01:26.931531","level":"info","event":"Tmp dir root location: /tmp","logger":"airflow.task.hooks.airflow.providers.standard.hooks.subprocess.SubprocessHook"}
{"timestamp":"2025-09-24T12:01:26.932512","level":"info","event":"Running command: ['/usr/bin/bash', '-c', 'python /opt/airflow/dags/src/load_champion_model.py']","logger":"airflow.task.hooks.airflow.providers.standard.hooks.subprocess.SubprocessHook"}
{"timestamp":"2025-09-24T12:01:26.952251","level":"info","event":"Output:","logger":"airflow.task.hooks.airflow.providers.standard.hooks.subprocess.SubprocessHook"}
{"timestamp":"2025-09-24T12:01:29.737774","level":"info","event":"MLflow 서버에 연결을 시도합니다: http://mlflow:5000","logger":"airflow.task.hooks.airflow.providers.standard.hooks.subprocess.SubprocessHook"}
{"timestamp":"2025-09-24T12:01:29.737939","level":"info","event":"모델 로드를 시도합니다: models:/champion_model@champion","logger":"airflow.task.hooks.airflow.providers.standard.hooks.subprocess.SubprocessHook"}
{"timestamp":"2025-09-24T12:01:34.862010","level":"info","event":"\rDownloading artifacts:   0%|          | 0/7 [00:00<?, ?it/s]\rDownloading artifacts:  14%|█▍        | 1/7 [00:00<00:00, 30.65it/s]\rDownloading artifacts:  29%|██▊       | 2/7 [00:00<00:00, 33.17it/s]\rDownloading artifacts:  43%|████▎     | 3/7 [00:00<00:00, 35.97it/s]\rDownloading artifacts:  57%|█████▋    | 4/7 [00:00<00:00, 46.67it/s]\rDownloading artifacts:  71%|███████▏  | 5/7 [00:00<00:00, 35.88it/s]\rDownloading artifacts:  71%|███████▏  | 5/7 [00:00<00:00, 35.88it/s]\rDownloading artifacts:  86%|████████▌ | 6/7 [00:00<00:00, 35.88it/s]\rDownloading artifacts: 100%|██████████| 7/7 [00:05<00:00, 35.88it/s]\rDownloading artifacts: 100%|██████████| 7/7 [00:05<00:00,  1.37it/s]","logger":"airflow.task.hooks.airflow.providers.standard.hooks.subprocess.SubprocessHook"}
{"timestamp":"2025-09-24T12:01:37.093812","level":"info","event":"✅ 모델 로딩에 성공했습니다!","logger":"airflow.task.hooks.airflow.providers.standard.hooks.subprocess.SubprocessHook"}
{"timestamp":"2025-09-24T12:01:37.093957","level":"info","event":"","logger":"airflow.task.hooks.airflow.providers.standard.hooks.subprocess.SubprocessHook"}
{"timestamp":"2025-09-24T12:01:37.094027","level":"info","event":"--- 샘플 데이터 ---","logger":"airflow.task.hooks.airflow.providers.standard.hooks.subprocess.SubprocessHook"}
{"timestamp":"2025-09-24T12:01:37.094093","level":"info","event":"         V1        V2        V3  ...       V28  scaled_amount  scaled_time","logger":"airflow.task.hooks.airflow.providers.standard.hooks.subprocess.SubprocessHook"}
{"timestamp":"2025-09-24T12:01:37.094157","level":"info","event":"0  0.000498  0.656221  0.878331  ...  0.119372       0.194809     0.701216","logger":"airflow.task.hooks.airflow.providers.standard.hooks.subprocess.SubprocessHook"}
{"timestamp":"2025-09-24T12:01:37.094256","level":"info","event":"1  0.602734  0.112681  0.613019  ...  0.353324       0.040861     0.984621","logger":"airflow.task.hooks.airflow.providers.standard.hooks.subprocess.SubprocessHook"}
{"timestamp":"2025-09-24T12:01:37.094319","level":"info","event":"","logger":"airflow.task.hooks.airflow.providers.standard.hooks.subprocess.SubprocessHook"}
{"timestamp":"2025-09-24T12:01:37.094374","level":"info","event":"[2 rows x 30 columns]","logger":"airflow.task.hooks.airflow.providers.standard.hooks.subprocess.SubprocessHook"}
{"timestamp":"2025-09-24T12:01:37.094426","level":"info","event":"","logger":"airflow.task.hooks.airflow.providers.standard.hooks.subprocess.SubprocessHook"}
{"timestamp":"2025-09-24T12:01:37.094477","level":"info","event":"--- 예측 결과 ---","logger":"airflow.task.hooks.airflow.providers.standard.hooks.subprocess.SubprocessHook"}
{"timestamp":"2025-09-24T12:01:37.094536","level":"info","event":"[0 0]","logger":"airflow.task.hooks.airflow.providers.standard.hooks.subprocess.SubprocessHook"}
{"timestamp":"2025-09-24T12:01:37.624228","level":"info","event":"Command exited with return code 0","logger":"airflow.task.hooks.airflow.providers.standard.hooks.subprocess.SubprocessHook"}
{"timestamp":"2025-09-24T12:01:37.624930","level":"info","event":"Pushing xcom","ti":"RuntimeTaskInstance(id=UUID('01997b98-4249-77ab-8bc9-10dd671cedb3'), task_id='run_batch_prediction', dag_id='dynamic_fraud_training_pipeline', run_id='scheduled__2025-09-24T12:00:00+00:00', try_number=1, map_index=-1, hostname='0262d6206e2c', context_carrier={}, task=<Task(BashOperator): run_batch_prediction>, bundle_instance=LocalDagBundle(name=dags-folder), max_tries=0, start_date=datetime.datetime(2025, 9, 24, 12, 1, 25, 1247, tzinfo=datetime.timezone.utc), end_date=None, state=<TaskInstanceState.RUNNING: 'running'>, is_mapped=False, rendered_map_index=None, log_url='http://localhost:8080/dags/dynamic_fraud_training_pipeline/runs/scheduled__2025-09-24T12%3A00%3A00%2B00%3A00/tasks/run_batch_prediction?try_number=1')","logger":"task"}
