{"timestamp":"2025-09-22T10:16:24.767163","level":"info","event":"DAG bundles loaded: dags-folder","logger":"airflow.dag_processing.bundles.manager.DagBundlesManager"}
{"timestamp":"2025-09-22T10:16:24.768119","level":"info","event":"Filling up the DagBag from /opt/airflow/dags/dynamic_training_dag.py","logger":"airflow.models.dagbag.DagBag"}
{"timestamp":"2025-09-22T10:16:24.077269","level":"info","event":"Tmp dir root location: /tmp","logger":"airflow.task.hooks.airflow.providers.standard.hooks.subprocess.SubprocessHook"}
{"timestamp":"2025-09-22T10:16:24.078347","level":"info","event":"Running command: ['/usr/bin/bash', '-c', 'python /opt/airflow/dags/src/train.py --model_name lgbm --n_estimators 600 --learning_rate 0.03 --max_depth 10 --num_leaves 50 --min_child_samples 20 --subsample 0.75 --colsample_bytree 0.75 ']","logger":"airflow.task.hooks.airflow.providers.standard.hooks.subprocess.SubprocessHook"}
{"timestamp":"2025-09-22T10:16:24.093096","level":"info","event":"Output:","logger":"airflow.task.hooks.airflow.providers.standard.hooks.subprocess.SubprocessHook"}
{"timestamp":"2025-09-22T10:16:31.304964","level":"info","event":"2025/09/22 10:16:31 INFO mlflow.tracking.fluent: Autologging successfully enabled for lightgbm.","logger":"airflow.task.hooks.airflow.providers.standard.hooks.subprocess.SubprocessHook"}
{"timestamp":"2025-09-22T10:16:31.630454","level":"info","event":"2025/09/22 10:16:31 INFO mlflow.tracking.fluent: Autologging successfully enabled for sklearn.","logger":"airflow.task.hooks.airflow.providers.standard.hooks.subprocess.SubprocessHook"}
{"timestamp":"2025-09-22T10:16:31.637199","level":"info","event":"2025/09/22 10:16:31 INFO mlflow.tracking.fluent: Autologging successfully enabled for xgboost.","logger":"airflow.task.hooks.airflow.providers.standard.hooks.subprocess.SubprocessHook"}
{"timestamp":"2025-09-22T10:16:59.683796","level":"info","event":"2025/09/22 10:16:59 ERROR mlflow.lightgbm: Failed to log feature importance plot. LightGBM autologging will ignore the failure and continue. Exception:","logger":"airflow.task.hooks.airflow.providers.standard.hooks.subprocess.SubprocessHook"}
{"timestamp":"2025-09-22T10:16:59.683934","level":"info","event":"Traceback (most recent call last):","logger":"airflow.task.hooks.airflow.providers.standard.hooks.subprocess.SubprocessHook"}
{"timestamp":"2025-09-22T10:16:59.683980","level":"info","event":"  File \"/home/airflow/.local/lib/python3.12/site-packages/mlflow/lightgbm/__init__.py\", line 851, in train_impl","logger":"airflow.task.hooks.airflow.providers.standard.hooks.subprocess.SubprocessHook"}
{"timestamp":"2025-09-22T10:16:59.684011","level":"info","event":"    log_feature_importance_plot(features, importance, imp_type)","logger":"airflow.task.hooks.airflow.providers.standard.hooks.subprocess.SubprocessHook"}
{"timestamp":"2025-09-22T10:16:59.684039","level":"info","event":"  File \"/home/airflow/.local/lib/python3.12/site-packages/mlflow/lightgbm/__init__.py\", line 732, in log_feature_importance_plot","logger":"airflow.task.hooks.airflow.providers.standard.hooks.subprocess.SubprocessHook"}
{"timestamp":"2025-09-22T10:16:59.684066","level":"info","event":"    mlflow.log_artifact(filepath)","logger":"airflow.task.hooks.airflow.providers.standard.hooks.subprocess.SubprocessHook"}
{"timestamp":"2025-09-22T10:16:59.684091","level":"info","event":"  File \"/home/airflow/.local/lib/python3.12/site-packages/mlflow/tracking/fluent.py\", line 1429, in log_artifact","logger":"airflow.task.hooks.airflow.providers.standard.hooks.subprocess.SubprocessHook"}
{"timestamp":"2025-09-22T10:16:59.684116","level":"info","event":"    MlflowClient().log_artifact(run_id, local_path, artifact_path)","logger":"airflow.task.hooks.airflow.providers.standard.hooks.subprocess.SubprocessHook"}
{"timestamp":"2025-09-22T10:16:59.684140","level":"info","event":"  File \"/home/airflow/.local/lib/python3.12/site-packages/mlflow/tracking/client.py\", line 2497, in log_artifact","logger":"airflow.task.hooks.airflow.providers.standard.hooks.subprocess.SubprocessHook"}
{"timestamp":"2025-09-22T10:16:59.684196","level":"info","event":"    self._tracking_client.log_artifact(run_id, local_path, artifact_path)","logger":"airflow.task.hooks.airflow.providers.standard.hooks.subprocess.SubprocessHook"}
{"timestamp":"2025-09-22T10:16:59.684228","level":"info","event":"  File \"/home/airflow/.local/lib/python3.12/site-packages/mlflow/tracking/_tracking_service/client.py\", line 674, in log_artifact","logger":"airflow.task.hooks.airflow.providers.standard.hooks.subprocess.SubprocessHook"}
{"timestamp":"2025-09-22T10:16:59.684277","level":"info","event":"    artifact_repo.log_artifact(local_path, artifact_path)","logger":"airflow.task.hooks.airflow.providers.standard.hooks.subprocess.SubprocessHook"}
{"timestamp":"2025-09-22T10:16:59.684316","level":"info","event":"  File \"/home/airflow/.local/lib/python3.12/site-packages/mlflow/store/artifact/local_artifact_repo.py\", line 44, in log_artifact","logger":"airflow.task.hooks.airflow.providers.standard.hooks.subprocess.SubprocessHook"}
{"timestamp":"2025-09-22T10:16:59.684346","level":"info","event":"    mkdir(artifact_dir)","logger":"airflow.task.hooks.airflow.providers.standard.hooks.subprocess.SubprocessHook"}
{"timestamp":"2025-09-22T10:16:59.684374","level":"info","event":"  File \"/home/airflow/.local/lib/python3.12/site-packages/mlflow/utils/file_utils.py\", line 209, in mkdir","logger":"airflow.task.hooks.airflow.providers.standard.hooks.subprocess.SubprocessHook"}
{"timestamp":"2025-09-22T10:16:59.684403","level":"info","event":"    raise e","logger":"airflow.task.hooks.airflow.providers.standard.hooks.subprocess.SubprocessHook"}
{"timestamp":"2025-09-22T10:16:59.684430","level":"info","event":"  File \"/home/airflow/.local/lib/python3.12/site-packages/mlflow/utils/file_utils.py\", line 206, in mkdir","logger":"airflow.task.hooks.airflow.providers.standard.hooks.subprocess.SubprocessHook"}
{"timestamp":"2025-09-22T10:16:59.684456","level":"info","event":"    os.makedirs(target, exist_ok=True)","logger":"airflow.task.hooks.airflow.providers.standard.hooks.subprocess.SubprocessHook"}
{"timestamp":"2025-09-22T10:16:59.684482","level":"info","event":"  File \"<frozen os>\", line 215, in makedirs","logger":"airflow.task.hooks.airflow.providers.standard.hooks.subprocess.SubprocessHook"}
{"timestamp":"2025-09-22T10:16:59.684506","level":"info","event":"  File \"<frozen os>\", line 215, in makedirs","logger":"airflow.task.hooks.airflow.providers.standard.hooks.subprocess.SubprocessHook"}
{"timestamp":"2025-09-22T10:16:59.684530","level":"info","event":"  File \"<frozen os>\", line 215, in makedirs","logger":"airflow.task.hooks.airflow.providers.standard.hooks.subprocess.SubprocessHook"}
{"timestamp":"2025-09-22T10:16:59.684554","level":"info","event":"  [Previous line repeated 2 more times]","logger":"airflow.task.hooks.airflow.providers.standard.hooks.subprocess.SubprocessHook"}
{"timestamp":"2025-09-22T10:16:59.684577","level":"info","event":"  File \"<frozen os>\", line 225, in makedirs","logger":"airflow.task.hooks.airflow.providers.standard.hooks.subprocess.SubprocessHook"}
{"timestamp":"2025-09-22T10:16:59.684662","level":"info","event":"PermissionError: [Errno 13] Permission denied: '/C:'","logger":"airflow.task.hooks.airflow.providers.standard.hooks.subprocess.SubprocessHook"}
{"timestamp":"2025-09-22T10:16:59.688554","level":"info","event":"2025/09/22 10:16:59 WARNING mlflow.utils.autologging_utils: Encountered unexpected error during lightgbm autologging: [Errno 13] Permission denied: '/C:'","logger":"airflow.task.hooks.airflow.providers.standard.hooks.subprocess.SubprocessHook"}
{"timestamp":"2025-09-22T10:16:59.699421","level":"info","event":"2025/09/22 10:16:59 WARNING mlflow.models.model: `artifact_path` is deprecated. Please use `name` instead.","logger":"airflow.task.hooks.airflow.providers.standard.hooks.subprocess.SubprocessHook"}
{"timestamp":"2025-09-22T10:17:05.250838","level":"info","event":"2025/09/22 10:17:05 WARNING mlflow.utils.autologging_utils: Encountered unexpected error during lightgbm autologging: [Errno 13] Permission denied: '/C:'","logger":"airflow.task.hooks.airflow.providers.standard.hooks.subprocess.SubprocessHook"}
{"timestamp":"2025-09-22T10:17:11.475219","level":"info","event":"\u001b[31m2025/09/22 10:17:11 WARNING mlflow.models.model: Model logged without a signature and input example. Please set `input_example` parameter when logging the model to auto infer the model signature.\u001b[0m","logger":"airflow.task.hooks.airflow.providers.standard.hooks.subprocess.SubprocessHook"}
{"timestamp":"2025-09-22T10:17:12.010296","level":"info","event":"스크립트 실행 시작...","logger":"airflow.task.hooks.airflow.providers.standard.hooks.subprocess.SubprocessHook"}
{"timestamp":"2025-09-22T10:17:12.010963","level":"info","event":"데이터 전처리 완료.","logger":"airflow.task.hooks.airflow.providers.standard.hooks.subprocess.SubprocessHook"}
{"timestamp":"2025-09-22T10:17:12.011419","level":"info","event":"MLflow Run 시작: lgbm_run","logger":"airflow.task.hooks.airflow.providers.standard.hooks.subprocess.SubprocessHook"}
{"timestamp":"2025-09-22T10:17:12.012116","level":"info","event":"[LightGBM] [Info] Number of positive: 227451, number of negative: 227451","logger":"airflow.task.hooks.airflow.providers.standard.hooks.subprocess.SubprocessHook"}
{"timestamp":"2025-09-22T10:17:12.012334","level":"info","event":"[LightGBM] [Info] Auto-choosing col-wise multi-threading, the overhead of testing was 0.036847 seconds.","logger":"airflow.task.hooks.airflow.providers.standard.hooks.subprocess.SubprocessHook"}
{"timestamp":"2025-09-22T10:17:12.012411","level":"info","event":"You can set `force_col_wise=true` to remove the overhead.","logger":"airflow.task.hooks.airflow.providers.standard.hooks.subprocess.SubprocessHook"}
{"timestamp":"2025-09-22T10:17:12.012454","level":"info","event":"[LightGBM] [Info] Total Bins 7650","logger":"airflow.task.hooks.airflow.providers.standard.hooks.subprocess.SubprocessHook"}
{"timestamp":"2025-09-22T10:17:12.012494","level":"info","event":"[LightGBM] [Info] Number of data points in the train set: 454902, number of used features: 30","logger":"airflow.task.hooks.airflow.providers.standard.hooks.subprocess.SubprocessHook"}
{"timestamp":"2025-09-22T10:17:12.012533","level":"info","event":"[LightGBM] [Info] [binary:BoostFromScore]: pavg=0.500000 -> initscore=0.000000","logger":"airflow.task.hooks.airflow.providers.standard.hooks.subprocess.SubprocessHook"}
{"timestamp":"2025-09-22T10:17:12.012571","level":"info","event":"","logger":"airflow.task.hooks.airflow.providers.standard.hooks.subprocess.SubprocessHook"}
{"timestamp":"2025-09-22T10:17:12.012612","level":"info","event":"--- 모델 평가 결과 ---","logger":"airflow.task.hooks.airflow.providers.standard.hooks.subprocess.SubprocessHook"}
{"timestamp":"2025-09-22T10:17:12.012655","level":"info","event":"[테스트 데이터] AUPRC: 0.8824, Recall: 0.8878, Precision: 0.7768, F1-Score: 0.8286","logger":"airflow.task.hooks.airflow.providers.standard.hooks.subprocess.SubprocessHook"}
{"timestamp":"2025-09-22T10:17:12.012709","level":"info","event":"🏃 View run lgbm_run at: http://host.docker.internal:5000/#/experiments/357113965122247338/runs/521cb24e1654424e9f94736abdf2b9a4","logger":"airflow.task.hooks.airflow.providers.standard.hooks.subprocess.SubprocessHook"}
{"timestamp":"2025-09-22T10:17:12.012755","level":"info","event":"🧪 View experiment at: http://host.docker.internal:5000/#/experiments/357113965122247338","logger":"airflow.task.hooks.airflow.providers.standard.hooks.subprocess.SubprocessHook"}
{"timestamp":"2025-09-22T10:17:12.012797","level":"info","event":"Traceback (most recent call last):","logger":"airflow.task.hooks.airflow.providers.standard.hooks.subprocess.SubprocessHook"}
{"timestamp":"2025-09-22T10:17:12.012837","level":"info","event":"  File \"/opt/airflow/dags/src/train.py\", line 219, in <module>","logger":"airflow.task.hooks.airflow.providers.standard.hooks.subprocess.SubprocessHook"}
{"timestamp":"2025-09-22T10:17:12.020309","level":"info","event":"    main(args)","logger":"airflow.task.hooks.airflow.providers.standard.hooks.subprocess.SubprocessHook"}
{"timestamp":"2025-09-22T10:17:12.020590","level":"info","event":"  File \"/opt/airflow/dags/src/train.py\", line 193, in main","logger":"airflow.task.hooks.airflow.providers.standard.hooks.subprocess.SubprocessHook"}
{"timestamp":"2025-09-22T10:17:12.025652","level":"info","event":"    mlflow.sklearn.log_model(model, name=\"model\")","logger":"airflow.task.hooks.airflow.providers.standard.hooks.subprocess.SubprocessHook"}
{"timestamp":"2025-09-22T10:17:12.025800","level":"info","event":"  File \"/home/airflow/.local/lib/python3.12/site-packages/mlflow/sklearn/__init__.py\", line 426, in log_model","logger":"airflow.task.hooks.airflow.providers.standard.hooks.subprocess.SubprocessHook"}
{"timestamp":"2025-09-22T10:17:12.026137","level":"info","event":"    return Model.log(","logger":"airflow.task.hooks.airflow.providers.standard.hooks.subprocess.SubprocessHook"}
{"timestamp":"2025-09-22T10:17:12.026209","level":"info","event":"           ^^^^^^^^^^","logger":"airflow.task.hooks.airflow.providers.standard.hooks.subprocess.SubprocessHook"}
{"timestamp":"2025-09-22T10:17:12.026251","level":"info","event":"  File \"/home/airflow/.local/lib/python3.12/site-packages/mlflow/models/model.py\", line 1302, in log","logger":"airflow.task.hooks.airflow.providers.standard.hooks.subprocess.SubprocessHook"}
{"timestamp":"2025-09-22T10:17:12.026740","level":"info","event":"    client.log_model_artifacts(model.model_id, local_path)","logger":"airflow.task.hooks.airflow.providers.standard.hooks.subprocess.SubprocessHook"}
{"timestamp":"2025-09-22T10:17:12.026901","level":"info","event":"  File \"/home/airflow/.local/lib/python3.12/site-packages/mlflow/tracking/client.py\", line 5589, in log_model_artifacts","logger":"airflow.task.hooks.airflow.providers.standard.hooks.subprocess.SubprocessHook"}
{"timestamp":"2025-09-22T10:17:12.027382","level":"info","event":"    return self._tracking_client.log_model_artifacts(model_id, local_dir)","logger":"airflow.task.hooks.airflow.providers.standard.hooks.subprocess.SubprocessHook"}
{"timestamp":"2025-09-22T10:17:12.027494","level":"info","event":"           ^^^^^^^^^^^^^^^^^^^^^^^^^^^^^^^^^^^^^^^^^^^^^^^^^^^^^^^^^^^^^^","logger":"airflow.task.hooks.airflow.providers.standard.hooks.subprocess.SubprocessHook"}
{"timestamp":"2025-09-22T10:17:12.027590","level":"info","event":"  File \"/home/airflow/.local/lib/python3.12/site-packages/mlflow/tracking/_tracking_service/client.py\", line 910, in log_model_artifacts","logger":"airflow.task.hooks.airflow.providers.standard.hooks.subprocess.SubprocessHook"}
{"timestamp":"2025-09-22T10:17:12.027679","level":"info","event":"    self._get_artifact_repo(model_id, resource=\"logged_model\").log_artifacts(local_dir)","logger":"airflow.task.hooks.airflow.providers.standard.hooks.subprocess.SubprocessHook"}
{"timestamp":"2025-09-22T10:17:12.027770","level":"info","event":"  File \"/home/airflow/.local/lib/python3.12/site-packages/mlflow/store/artifact/local_artifact_repo.py\", line 67, in log_artifacts","logger":"airflow.task.hooks.airflow.providers.standard.hooks.subprocess.SubprocessHook"}
{"timestamp":"2025-09-22T10:17:12.027927","level":"info","event":"    mkdir(artifact_dir)","logger":"airflow.task.hooks.airflow.providers.standard.hooks.subprocess.SubprocessHook"}
{"timestamp":"2025-09-22T10:17:12.028019","level":"info","event":"  File \"/home/airflow/.local/lib/python3.12/site-packages/mlflow/utils/file_utils.py\", line 209, in mkdir","logger":"airflow.task.hooks.airflow.providers.standard.hooks.subprocess.SubprocessHook"}
{"timestamp":"2025-09-22T10:17:12.028063","level":"info","event":"    raise e","logger":"airflow.task.hooks.airflow.providers.standard.hooks.subprocess.SubprocessHook"}
{"timestamp":"2025-09-22T10:17:12.028101","level":"info","event":"  File \"/home/airflow/.local/lib/python3.12/site-packages/mlflow/utils/file_utils.py\", line 206, in mkdir","logger":"airflow.task.hooks.airflow.providers.standard.hooks.subprocess.SubprocessHook"}
{"timestamp":"2025-09-22T10:17:12.028132","level":"info","event":"    os.makedirs(target, exist_ok=True)","logger":"airflow.task.hooks.airflow.providers.standard.hooks.subprocess.SubprocessHook"}
{"timestamp":"2025-09-22T10:17:12.028164","level":"info","event":"  File \"<frozen os>\", line 215, in makedirs","logger":"airflow.task.hooks.airflow.providers.standard.hooks.subprocess.SubprocessHook"}
{"timestamp":"2025-09-22T10:17:12.028230","level":"info","event":"  File \"<frozen os>\", line 215, in makedirs","logger":"airflow.task.hooks.airflow.providers.standard.hooks.subprocess.SubprocessHook"}
{"timestamp":"2025-09-22T10:17:12.028265","level":"info","event":"  File \"<frozen os>\", line 215, in makedirs","logger":"airflow.task.hooks.airflow.providers.standard.hooks.subprocess.SubprocessHook"}
{"timestamp":"2025-09-22T10:17:12.028296","level":"info","event":"  [Previous line repeated 3 more times]","logger":"airflow.task.hooks.airflow.providers.standard.hooks.subprocess.SubprocessHook"}
{"timestamp":"2025-09-22T10:17:12.028327","level":"info","event":"  File \"<frozen os>\", line 225, in makedirs","logger":"airflow.task.hooks.airflow.providers.standard.hooks.subprocess.SubprocessHook"}
{"timestamp":"2025-09-22T10:17:12.028355","level":"info","event":"PermissionError: [Errno 13] Permission denied: '/C:'","logger":"airflow.task.hooks.airflow.providers.standard.hooks.subprocess.SubprocessHook"}
{"timestamp":"2025-09-22T10:17:12.560332","level":"info","event":"Command exited with return code 1","logger":"airflow.task.hooks.airflow.providers.standard.hooks.subprocess.SubprocessHook"}
{"timestamp":"2025-09-22T10:17:12.561361","level":"error","event":"Task failed with exception","logger":"task","error_detail":[{"exc_type":"AirflowException","exc_value":"Bash command failed. The command returned a non-zero exit code 1.","exc_notes":[],"syntax_error":null,"is_cause":false,"frames":[{"filename":"/home/airflow/.local/lib/python3.12/site-packages/airflow/sdk/execution_time/task_runner.py","lineno":920,"name":"run"},{"filename":"/home/airflow/.local/lib/python3.12/site-packages/airflow/sdk/execution_time/task_runner.py","lineno":1215,"name":"_execute_task"},{"filename":"/home/airflow/.local/lib/python3.12/site-packages/airflow/sdk/bases/operator.py","lineno":397,"name":"wrapper"},{"filename":"/home/airflow/.local/lib/python3.12/site-packages/airflow/providers/standard/operators/bash.py","lineno":232,"name":"execute"}],"is_group":false,"exceptions":[]}]}
