{"timestamp":"2025-09-23T18:10:08.959420","level":"info","event":"DAG bundles loaded: dags-folder","logger":"airflow.dag_processing.bundles.manager.DagBundlesManager"}
{"timestamp":"2025-09-23T18:10:08.960059","level":"info","event":"Filling up the DagBag from /opt/airflow/dags/dynamic_training_dag.py","logger":"airflow.models.dagbag.DagBag"}
{"timestamp":"2025-09-23T18:10:11.071133","level":"info","event":"Tmp dir root location: /tmp","logger":"airflow.task.hooks.airflow.providers.standard.hooks.subprocess.SubprocessHook"}
{"timestamp":"2025-09-23T18:10:11.071956","level":"info","event":"Running command: ['/usr/bin/bash', '-c', 'python /opt/airflow/dags/src/load_champion_model.py']","logger":"airflow.task.hooks.airflow.providers.standard.hooks.subprocess.SubprocessHook"}
{"timestamp":"2025-09-23T18:10:11.089450","level":"info","event":"Output:","logger":"airflow.task.hooks.airflow.providers.standard.hooks.subprocess.SubprocessHook"}
{"timestamp":"2025-09-23T18:10:14.473359","level":"info","event":"MLflow 서버에 연결을 시도합니다: http://mlflow:5000","logger":"airflow.task.hooks.airflow.providers.standard.hooks.subprocess.SubprocessHook"}
{"timestamp":"2025-09-23T18:10:14.473776","level":"info","event":"모델 로드를 시도합니다: models:/champion_model@champion","logger":"airflow.task.hooks.airflow.providers.standard.hooks.subprocess.SubprocessHook"}
{"timestamp":"2025-09-23T18:10:16.916039","level":"info","event":"\rDownloading artifacts:   0%|          | 0/7 [00:00<?, ?it/s]\rDownloading artifacts:  14%|█▍        | 1/7 [00:00<00:00, 11335.96it/s]\rDownloading artifacts:  29%|██▊       | 2/7 [00:00<00:00, 40.48it/s]   \rDownloading artifacts:  43%|████▎     | 3/7 [00:00<00:00, 56.93it/s]\rDownloading artifacts:  57%|█████▋    | 4/7 [00:00<00:00, 38.26it/s]\rDownloading artifacts:  57%|█████▋    | 4/7 [00:00<00:00, 38.26it/s]\rDownloading artifacts:  71%|███████▏  | 5/7 [00:00<00:00, 38.26it/s]\rDownloading artifacts:  86%|████████▌ | 6/7 [00:00<00:00, 38.26it/s]\rDownloading artifacts: 100%|██████████| 7/7 [00:02<00:00, 38.26it/s]\rDownloading artifacts: 100%|██████████| 7/7 [00:02<00:00,  2.87it/s]","logger":"airflow.task.hooks.airflow.providers.standard.hooks.subprocess.SubprocessHook"}
{"timestamp":"2025-09-23T18:10:19.386581","level":"info","event":"✅ 모델 로딩에 성공했습니다!","logger":"airflow.task.hooks.airflow.providers.standard.hooks.subprocess.SubprocessHook"}
{"timestamp":"2025-09-23T18:10:19.386752","level":"info","event":"","logger":"airflow.task.hooks.airflow.providers.standard.hooks.subprocess.SubprocessHook"}
{"timestamp":"2025-09-23T18:10:19.386844","level":"info","event":"--- 샘플 데이터 ---","logger":"airflow.task.hooks.airflow.providers.standard.hooks.subprocess.SubprocessHook"}
{"timestamp":"2025-09-23T18:10:19.386938","level":"info","event":"         V1        V2        V3  ...       V28  scaled_amount  scaled_time","logger":"airflow.task.hooks.airflow.providers.standard.hooks.subprocess.SubprocessHook"}
{"timestamp":"2025-09-23T18:10:19.386999","level":"info","event":"0  0.066658  0.108179  0.819338  ...  0.658821       0.105677     0.491625","logger":"airflow.task.hooks.airflow.providers.standard.hooks.subprocess.SubprocessHook"}
{"timestamp":"2025-09-23T18:10:19.387072","level":"info","event":"1  0.594780  0.516761  0.583154  ...  0.887621       0.241243     0.901931","logger":"airflow.task.hooks.airflow.providers.standard.hooks.subprocess.SubprocessHook"}
{"timestamp":"2025-09-23T18:10:19.387132","level":"info","event":"","logger":"airflow.task.hooks.airflow.providers.standard.hooks.subprocess.SubprocessHook"}
{"timestamp":"2025-09-23T18:10:19.387184","level":"info","event":"[2 rows x 30 columns]","logger":"airflow.task.hooks.airflow.providers.standard.hooks.subprocess.SubprocessHook"}
{"timestamp":"2025-09-23T18:10:19.387248","level":"info","event":"","logger":"airflow.task.hooks.airflow.providers.standard.hooks.subprocess.SubprocessHook"}
{"timestamp":"2025-09-23T18:10:19.387315","level":"info","event":"--- 예측 결과 ---","logger":"airflow.task.hooks.airflow.providers.standard.hooks.subprocess.SubprocessHook"}
{"timestamp":"2025-09-23T18:10:19.387375","level":"info","event":"[0 0]","logger":"airflow.task.hooks.airflow.providers.standard.hooks.subprocess.SubprocessHook"}
{"timestamp":"2025-09-23T18:10:19.754421","level":"info","event":"Command exited with return code 0","logger":"airflow.task.hooks.airflow.providers.standard.hooks.subprocess.SubprocessHook"}
{"timestamp":"2025-09-23T18:10:19.755457","level":"info","event":"Pushing xcom","ti":"RuntimeTaskInstance(id=UUID('019977c4-0d20-7665-8d43-6ad30dd39a78'), task_id='run_batch_prediction', dag_id='dynamic_fraud_training_pipeline', run_id='manual__2025-09-23T18:09:21.151874+00:00', try_number=1, map_index=-1, hostname='0262d6206e2c', context_carrier={}, task=<Task(BashOperator): run_batch_prediction>, bundle_instance=LocalDagBundle(name=dags-folder), max_tries=0, start_date=datetime.datetime(2025, 9, 23, 18, 10, 8, 774620, tzinfo=datetime.timezone.utc), end_date=None, state=<TaskInstanceState.RUNNING: 'running'>, is_mapped=False, rendered_map_index=None, log_url='http://localhost:8080/dags/dynamic_fraud_training_pipeline/runs/manual__2025-09-23T18%3A09%3A21.151874%2B00%3A00/tasks/run_batch_prediction?try_number=1')","logger":"task"}
