{"timestamp":"2025-09-23T10:22:53.664397","level":"info","event":"DAG bundles loaded: dags-folder","logger":"airflow.dag_processing.bundles.manager.DagBundlesManager"}
{"timestamp":"2025-09-23T10:22:53.664893","level":"info","event":"Filling up the DagBag from /opt/airflow/dags/dynamic_training_dag.py","logger":"airflow.models.dagbag.DagBag"}
{"timestamp":"2025-09-23T10:22:54.595416","level":"info","event":"Tmp dir root location: /tmp","logger":"airflow.task.hooks.airflow.providers.standard.hooks.subprocess.SubprocessHook"}
{"timestamp":"2025-09-23T10:22:54.596364","level":"info","event":"Running command: ['/usr/bin/bash', '-c', 'python /opt/airflow/dags/src/train.py --model_name lgbm --n_estimators 700 --learning_rate 0.03 --max_depth 10 --num_leaves 50 --min_child_samples 20 --subsample 0.75 --colsample_bytree 0.75 ']","logger":"airflow.task.hooks.airflow.providers.standard.hooks.subprocess.SubprocessHook"}
{"timestamp":"2025-09-23T10:22:54.613677","level":"info","event":"Output:","logger":"airflow.task.hooks.airflow.providers.standard.hooks.subprocess.SubprocessHook"}
{"timestamp":"2025-09-23T10:23:19.786980","level":"info","event":"2025/09/23 10:23:19 WARNING mlflow.models.model: `artifact_path` is deprecated. Please use `name` instead.","logger":"airflow.task.hooks.airflow.providers.standard.hooks.subprocess.SubprocessHook"}
{"timestamp":"2025-09-23T10:23:20.433615","level":"info","event":"/home/airflow/.local/lib/python3.12/site-packages/mlflow/types/utils.py:452: UserWarning: Hint: Inferred schema contains integer column(s). Integer columns in Python cannot represent missing values. If your input data contains missing values at inference time, it will be encoded as floats and will cause a schema enforcement error. The best way to avoid this problem is to infer the model schema based on a realistic data sample (training dataset) that includes missing values. Alternatively, you can declare integer columns as doubles (float64) whenever these columns may have missing values. See `Handling Integers With Missing Values <https://www.mlflow.org/docs/latest/models.html#handling-integers-with-missing-values>`_ for more details.","logger":"airflow.task.hooks.airflow.providers.standard.hooks.subprocess.SubprocessHook"}
{"timestamp":"2025-09-23T10:23:20.433947","level":"info","event":"  warnings.warn(","logger":"airflow.task.hooks.airflow.providers.standard.hooks.subprocess.SubprocessHook"}
{"timestamp":"2025-09-23T10:23:25.413170","level":"info","event":"스크립트 실행 시작...","logger":"airflow.task.hooks.airflow.providers.standard.hooks.subprocess.SubprocessHook"}
{"timestamp":"2025-09-23T10:23:25.413334","level":"info","event":"데이터 전처리 완료.","logger":"airflow.task.hooks.airflow.providers.standard.hooks.subprocess.SubprocessHook"}
{"timestamp":"2025-09-23T10:23:25.413381","level":"info","event":"MLflow Run 시작: lgbm_run","logger":"airflow.task.hooks.airflow.providers.standard.hooks.subprocess.SubprocessHook"}
{"timestamp":"2025-09-23T10:23:25.413415","level":"info","event":"[LightGBM] [Info] Number of positive: 227451, number of negative: 227451","logger":"airflow.task.hooks.airflow.providers.standard.hooks.subprocess.SubprocessHook"}
{"timestamp":"2025-09-23T10:23:25.413444","level":"info","event":"[LightGBM] [Info] Auto-choosing col-wise multi-threading, the overhead of testing was 0.024473 seconds.","logger":"airflow.task.hooks.airflow.providers.standard.hooks.subprocess.SubprocessHook"}
{"timestamp":"2025-09-23T10:23:25.413471","level":"info","event":"You can set `force_col_wise=true` to remove the overhead.","logger":"airflow.task.hooks.airflow.providers.standard.hooks.subprocess.SubprocessHook"}
{"timestamp":"2025-09-23T10:23:25.413511","level":"info","event":"[LightGBM] [Info] Total Bins 7650","logger":"airflow.task.hooks.airflow.providers.standard.hooks.subprocess.SubprocessHook"}
{"timestamp":"2025-09-23T10:23:25.413550","level":"info","event":"[LightGBM] [Info] Number of data points in the train set: 454902, number of used features: 30","logger":"airflow.task.hooks.airflow.providers.standard.hooks.subprocess.SubprocessHook"}
{"timestamp":"2025-09-23T10:23:25.413602","level":"info","event":"[LightGBM] [Info] [binary:BoostFromScore]: pavg=0.500000 -> initscore=0.000000","logger":"airflow.task.hooks.airflow.providers.standard.hooks.subprocess.SubprocessHook"}
{"timestamp":"2025-09-23T10:23:25.413631","level":"info","event":"","logger":"airflow.task.hooks.airflow.providers.standard.hooks.subprocess.SubprocessHook"}
{"timestamp":"2025-09-23T10:23:25.413659","level":"info","event":"--- 모델 평가 결과 ---","logger":"airflow.task.hooks.airflow.providers.standard.hooks.subprocess.SubprocessHook"}
{"timestamp":"2025-09-23T10:23:25.413684","level":"info","event":"[테스트 데이터] AUPRC: 0.8837, Recall: 0.8878, Precision: 0.8131, F1-Score: 0.8488","logger":"airflow.task.hooks.airflow.providers.standard.hooks.subprocess.SubprocessHook"}
{"timestamp":"2025-09-23T10:23:25.413711","level":"info","event":"MLflow 로깅 완료.","logger":"airflow.task.hooks.airflow.providers.standard.hooks.subprocess.SubprocessHook"}
{"timestamp":"2025-09-23T10:23:25.413759","level":"info","event":"🏃 View run lgbm_run at: http://mlflow:5000/#/experiments/601778152259175848/runs/71617ddfc57845ca9fd60cd3a4caaee2","logger":"airflow.task.hooks.airflow.providers.standard.hooks.subprocess.SubprocessHook"}
{"timestamp":"2025-09-23T10:23:25.413797","level":"info","event":"🧪 View experiment at: http://mlflow:5000/#/experiments/601778152259175848","logger":"airflow.task.hooks.airflow.providers.standard.hooks.subprocess.SubprocessHook"}
{"timestamp":"2025-09-23T10:23:25.731807","level":"info","event":"Command exited with return code 0","logger":"airflow.task.hooks.airflow.providers.standard.hooks.subprocess.SubprocessHook"}
{"timestamp":"2025-09-23T10:23:25.732742","level":"info","event":"Pushing xcom","ti":"RuntimeTaskInstance(id=UUID('01997618-f683-7190-b129-fe8a821164dc'), task_id='train_champion_model', dag_id='dynamic_fraud_training_pipeline', run_id='manual__2025-09-23T10:22:51.502999+00:00', try_number=1, map_index=-1, hostname='c93b509a713d', context_carrier={}, task=<Task(BashOperator): train_champion_model>, bundle_instance=LocalDagBundle(name=dags-folder), max_tries=0, start_date=datetime.datetime(2025, 9, 23, 10, 22, 53, 543388, tzinfo=datetime.timezone.utc), end_date=None, state=<TaskInstanceState.RUNNING: 'running'>, is_mapped=False, rendered_map_index=None, log_url='http://localhost:8080/dags/dynamic_fraud_training_pipeline/runs/manual__2025-09-23T10%3A22%3A51.502999%2B00%3A00/tasks/train_champion_model?try_number=1')","logger":"task"}
