{"timestamp":"2025-09-24T05:01:34.336085","level":"info","event":"DAG bundles loaded: dags-folder","logger":"airflow.dag_processing.bundles.manager.DagBundlesManager"}
{"timestamp":"2025-09-24T05:01:34.337246","level":"info","event":"Filling up the DagBag from /opt/airflow/dags/dynamic_training_dag.py","logger":"airflow.models.dagbag.DagBag"}
{"timestamp":"2025-09-24T05:01:36.044890","level":"info","event":"Tmp dir root location: /tmp","logger":"airflow.task.hooks.airflow.providers.standard.hooks.subprocess.SubprocessHook"}
{"timestamp":"2025-09-24T05:01:36.046437","level":"info","event":"Running command: ['/usr/bin/bash', '-c', 'python /opt/airflow/dags/src/load_champion_model.py']","logger":"airflow.task.hooks.airflow.providers.standard.hooks.subprocess.SubprocessHook"}
{"timestamp":"2025-09-24T05:01:36.070156","level":"info","event":"Output:","logger":"airflow.task.hooks.airflow.providers.standard.hooks.subprocess.SubprocessHook"}
{"timestamp":"2025-09-24T05:01:39.390749","level":"info","event":"MLflow 서버에 연결을 시도합니다: http://mlflow:5000","logger":"airflow.task.hooks.airflow.providers.standard.hooks.subprocess.SubprocessHook"}
{"timestamp":"2025-09-24T05:01:39.390996","level":"info","event":"모델 로드를 시도합니다: models:/champion_model@champion","logger":"airflow.task.hooks.airflow.providers.standard.hooks.subprocess.SubprocessHook"}
{"timestamp":"2025-09-24T05:01:50.278924","level":"info","event":"\rDownloading artifacts:   0%|          | 0/7 [00:00<?, ?it/s]\rDownloading artifacts:  14%|█▍        | 1/7 [00:00<00:00, 14.20it/s]\rDownloading artifacts:  29%|██▊       | 2/7 [00:00<00:00, 24.85it/s]\rDownloading artifacts:  43%|████▎     | 3/7 [00:00<00:00, 25.66it/s]\rDownloading artifacts:  43%|████▎     | 3/7 [00:00<00:00, 25.66it/s]\rDownloading artifacts:  57%|█████▋    | 4/7 [00:00<00:00, 25.66it/s]\rDownloading artifacts:  71%|███████▏  | 5/7 [00:00<00:00, 25.66it/s]\rDownloading artifacts:  86%|████████▌ | 6/7 [00:00<00:00, 17.77it/s]\rDownloading artifacts:  86%|████████▌ | 6/7 [00:00<00:00, 17.77it/s]\rDownloading artifacts: 100%|██████████| 7/7 [00:10<00:00, 17.77it/s]\rDownloading artifacts: 100%|██████████| 7/7 [00:10<00:00,  1.56s/it]","logger":"airflow.task.hooks.airflow.providers.standard.hooks.subprocess.SubprocessHook"}
{"timestamp":"2025-09-24T05:01:52.449423","level":"info","event":"✅ 모델 로딩에 성공했습니다!","logger":"airflow.task.hooks.airflow.providers.standard.hooks.subprocess.SubprocessHook"}
{"timestamp":"2025-09-24T05:01:52.449598","level":"info","event":"","logger":"airflow.task.hooks.airflow.providers.standard.hooks.subprocess.SubprocessHook"}
{"timestamp":"2025-09-24T05:01:52.449677","level":"info","event":"--- 샘플 데이터 ---","logger":"airflow.task.hooks.airflow.providers.standard.hooks.subprocess.SubprocessHook"}
{"timestamp":"2025-09-24T05:01:52.449773","level":"info","event":"         V1        V2        V3  ...       V28  scaled_amount  scaled_time","logger":"airflow.task.hooks.airflow.providers.standard.hooks.subprocess.SubprocessHook"}
{"timestamp":"2025-09-24T05:01:52.449841","level":"info","event":"0  0.754852  0.296924  0.064004  ...  0.425679       0.758804     0.594148","logger":"airflow.task.hooks.airflow.providers.standard.hooks.subprocess.SubprocessHook"}
{"timestamp":"2025-09-24T05:01:52.449901","level":"info","event":"1  0.638067  0.706349  0.200710  ...  0.351538       0.500920     0.758186","logger":"airflow.task.hooks.airflow.providers.standard.hooks.subprocess.SubprocessHook"}
{"timestamp":"2025-09-24T05:01:52.449959","level":"info","event":"","logger":"airflow.task.hooks.airflow.providers.standard.hooks.subprocess.SubprocessHook"}
{"timestamp":"2025-09-24T05:01:52.450017","level":"info","event":"[2 rows x 30 columns]","logger":"airflow.task.hooks.airflow.providers.standard.hooks.subprocess.SubprocessHook"}
{"timestamp":"2025-09-24T05:01:52.450074","level":"info","event":"","logger":"airflow.task.hooks.airflow.providers.standard.hooks.subprocess.SubprocessHook"}
{"timestamp":"2025-09-24T05:01:52.450158","level":"info","event":"--- 예측 결과 ---","logger":"airflow.task.hooks.airflow.providers.standard.hooks.subprocess.SubprocessHook"}
{"timestamp":"2025-09-24T05:01:52.450243","level":"info","event":"[0 0]","logger":"airflow.task.hooks.airflow.providers.standard.hooks.subprocess.SubprocessHook"}
{"timestamp":"2025-09-24T05:01:52.934148","level":"info","event":"Command exited with return code 0","logger":"airflow.task.hooks.airflow.providers.standard.hooks.subprocess.SubprocessHook"}
{"timestamp":"2025-09-24T05:01:52.935011","level":"info","event":"Pushing xcom","ti":"RuntimeTaskInstance(id=UUID('01997a16-3440-7231-b1b5-798c8a268a08'), task_id='run_batch_prediction', dag_id='dynamic_fraud_training_pipeline', run_id='scheduled__2025-09-24T00:00:00+00:00', try_number=1, map_index=-1, hostname='0262d6206e2c', context_carrier={}, task=<Task(BashOperator): run_batch_prediction>, bundle_instance=LocalDagBundle(name=dags-folder), max_tries=0, start_date=datetime.datetime(2025, 9, 24, 5, 1, 33, 729408, tzinfo=datetime.timezone.utc), end_date=None, state=<TaskInstanceState.RUNNING: 'running'>, is_mapped=False, rendered_map_index=None, log_url='http://localhost:8080/dags/dynamic_fraud_training_pipeline/runs/scheduled__2025-09-24T00%3A00%3A00%2B00%3A00/tasks/run_batch_prediction?try_number=1')","logger":"task"}
