{"timestamp":"2025-09-23T05:08:19.433022","level":"info","event":"DAG bundles loaded: dags-folder","logger":"airflow.dag_processing.bundles.manager.DagBundlesManager"}
{"timestamp":"2025-09-23T05:08:19.433515","level":"info","event":"Filling up the DagBag from /opt/airflow/dags/dynamic_training_dag.py","logger":"airflow.models.dagbag.DagBag"}
{"timestamp":"2025-09-23T05:08:20.288106","level":"info","event":"Tmp dir root location: /tmp","logger":"airflow.task.hooks.airflow.providers.standard.hooks.subprocess.SubprocessHook"}
{"timestamp":"2025-09-23T05:08:20.289473","level":"info","event":"Running command: ['/usr/bin/bash', '-c', 'python /opt/airflow/dags/src/train.py --model_name lgbm --n_estimators 600 --learning_rate 0.03 --max_depth 10 --num_leaves 50 --min_child_samples 20 --subsample 0.75 --colsample_bytree 0.75 ']","logger":"airflow.task.hooks.airflow.providers.standard.hooks.subprocess.SubprocessHook"}
{"timestamp":"2025-09-23T05:08:20.299968","level":"info","event":"Output:","logger":"airflow.task.hooks.airflow.providers.standard.hooks.subprocess.SubprocessHook"}
{"timestamp":"2025-09-23T05:08:46.139216","level":"info","event":"2025/09/23 05:08:46 WARNING mlflow.models.model: `artifact_path` is deprecated. Please use `name` instead.","logger":"airflow.task.hooks.airflow.providers.standard.hooks.subprocess.SubprocessHook"}
{"timestamp":"2025-09-23T05:08:48.615667","level":"info","event":"/home/airflow/.local/lib/python3.12/site-packages/mlflow/types/utils.py:452: UserWarning: Hint: Inferred schema contains integer column(s). Integer columns in Python cannot represent missing values. If your input data contains missing values at inference time, it will be encoded as floats and will cause a schema enforcement error. The best way to avoid this problem is to infer the model schema based on a realistic data sample (training dataset) that includes missing values. Alternatively, you can declare integer columns as doubles (float64) whenever these columns may have missing values. See `Handling Integers With Missing Values <https://www.mlflow.org/docs/latest/models.html#handling-integers-with-missing-values>`_ for more details.","logger":"airflow.task.hooks.airflow.providers.standard.hooks.subprocess.SubprocessHook"}
{"timestamp":"2025-09-23T05:08:48.616264","level":"info","event":"  warnings.warn(","logger":"airflow.task.hooks.airflow.providers.standard.hooks.subprocess.SubprocessHook"}
{"timestamp":"2025-09-23T05:08:53.545573","level":"info","event":"스크립트 실행 시작...","logger":"airflow.task.hooks.airflow.providers.standard.hooks.subprocess.SubprocessHook"}
{"timestamp":"2025-09-23T05:08:53.545849","level":"info","event":"데이터 전처리 완료.","logger":"airflow.task.hooks.airflow.providers.standard.hooks.subprocess.SubprocessHook"}
{"timestamp":"2025-09-23T05:08:53.545942","level":"info","event":"MLflow Run 시작: lgbm_run","logger":"airflow.task.hooks.airflow.providers.standard.hooks.subprocess.SubprocessHook"}
{"timestamp":"2025-09-23T05:08:53.546014","level":"info","event":"[LightGBM] [Info] Number of positive: 227451, number of negative: 227451","logger":"airflow.task.hooks.airflow.providers.standard.hooks.subprocess.SubprocessHook"}
{"timestamp":"2025-09-23T05:08:53.546075","level":"info","event":"[LightGBM] [Info] Auto-choosing col-wise multi-threading, the overhead of testing was 0.023979 seconds.","logger":"airflow.task.hooks.airflow.providers.standard.hooks.subprocess.SubprocessHook"}
{"timestamp":"2025-09-23T05:08:53.546132","level":"info","event":"You can set `force_col_wise=true` to remove the overhead.","logger":"airflow.task.hooks.airflow.providers.standard.hooks.subprocess.SubprocessHook"}
{"timestamp":"2025-09-23T05:08:53.546194","level":"info","event":"[LightGBM] [Info] Total Bins 7650","logger":"airflow.task.hooks.airflow.providers.standard.hooks.subprocess.SubprocessHook"}
{"timestamp":"2025-09-23T05:08:53.546250","level":"info","event":"[LightGBM] [Info] Number of data points in the train set: 454902, number of used features: 30","logger":"airflow.task.hooks.airflow.providers.standard.hooks.subprocess.SubprocessHook"}
{"timestamp":"2025-09-23T05:08:53.546307","level":"info","event":"[LightGBM] [Info] [binary:BoostFromScore]: pavg=0.500000 -> initscore=0.000000","logger":"airflow.task.hooks.airflow.providers.standard.hooks.subprocess.SubprocessHook"}
{"timestamp":"2025-09-23T05:08:53.546360","level":"info","event":"","logger":"airflow.task.hooks.airflow.providers.standard.hooks.subprocess.SubprocessHook"}
{"timestamp":"2025-09-23T05:08:53.546420","level":"info","event":"--- 모델 평가 결과 ---","logger":"airflow.task.hooks.airflow.providers.standard.hooks.subprocess.SubprocessHook"}
{"timestamp":"2025-09-23T05:08:53.546475","level":"info","event":"[테스트 데이터] AUPRC: 0.8824, Recall: 0.8878, Precision: 0.7768, F1-Score: 0.8286","logger":"airflow.task.hooks.airflow.providers.standard.hooks.subprocess.SubprocessHook"}
{"timestamp":"2025-09-23T05:08:53.546533","level":"info","event":"🏃 View run lgbm_run at: http://mlflow:5000/#/experiments/357113965122247338/runs/a8499ded9fee4b12b490c2af5337da55","logger":"airflow.task.hooks.airflow.providers.standard.hooks.subprocess.SubprocessHook"}
{"timestamp":"2025-09-23T05:08:53.546592","level":"info","event":"🧪 View experiment at: http://mlflow:5000/#/experiments/357113965122247338","logger":"airflow.task.hooks.airflow.providers.standard.hooks.subprocess.SubprocessHook"}
{"timestamp":"2025-09-23T05:08:53.546646","level":"info","event":"Traceback (most recent call last):","logger":"airflow.task.hooks.airflow.providers.standard.hooks.subprocess.SubprocessHook"}
{"timestamp":"2025-09-23T05:08:53.546703","level":"info","event":"  File \"/opt/airflow/dags/src/train.py\", line 224, in <module>","logger":"airflow.task.hooks.airflow.providers.standard.hooks.subprocess.SubprocessHook"}
{"timestamp":"2025-09-23T05:08:53.555408","level":"info","event":"    main(args)","logger":"airflow.task.hooks.airflow.providers.standard.hooks.subprocess.SubprocessHook"}
{"timestamp":"2025-09-23T05:08:53.555547","level":"info","event":"  File \"/opt/airflow/dags/src/train.py\", line 194, in main","logger":"airflow.task.hooks.airflow.providers.standard.hooks.subprocess.SubprocessHook"}
{"timestamp":"2025-09-23T05:08:53.560315","level":"info","event":"    mlflow.sklearn.log_model(","logger":"airflow.task.hooks.airflow.providers.standard.hooks.subprocess.SubprocessHook"}
{"timestamp":"2025-09-23T05:08:53.560424","level":"info","event":"  File \"/home/airflow/.local/lib/python3.12/site-packages/mlflow/sklearn/__init__.py\", line 426, in log_model","logger":"airflow.task.hooks.airflow.providers.standard.hooks.subprocess.SubprocessHook"}
{"timestamp":"2025-09-23T05:08:53.560506","level":"info","event":"    return Model.log(","logger":"airflow.task.hooks.airflow.providers.standard.hooks.subprocess.SubprocessHook"}
{"timestamp":"2025-09-23T05:08:53.560554","level":"info","event":"           ^^^^^^^^^^","logger":"airflow.task.hooks.airflow.providers.standard.hooks.subprocess.SubprocessHook"}
{"timestamp":"2025-09-23T05:08:53.560592","level":"info","event":"  File \"/home/airflow/.local/lib/python3.12/site-packages/mlflow/models/model.py\", line 1302, in log","logger":"airflow.task.hooks.airflow.providers.standard.hooks.subprocess.SubprocessHook"}
{"timestamp":"2025-09-23T05:08:53.560951","level":"info","event":"    client.log_model_artifacts(model.model_id, local_path)","logger":"airflow.task.hooks.airflow.providers.standard.hooks.subprocess.SubprocessHook"}
{"timestamp":"2025-09-23T05:08:53.560999","level":"info","event":"  File \"/home/airflow/.local/lib/python3.12/site-packages/mlflow/tracking/client.py\", line 5589, in log_model_artifacts","logger":"airflow.task.hooks.airflow.providers.standard.hooks.subprocess.SubprocessHook"}
{"timestamp":"2025-09-23T05:08:53.561630","level":"info","event":"    return self._tracking_client.log_model_artifacts(model_id, local_dir)","logger":"airflow.task.hooks.airflow.providers.standard.hooks.subprocess.SubprocessHook"}
{"timestamp":"2025-09-23T05:08:53.561674","level":"info","event":"           ^^^^^^^^^^^^^^^^^^^^^^^^^^^^^^^^^^^^^^^^^^^^^^^^^^^^^^^^^^^^^^","logger":"airflow.task.hooks.airflow.providers.standard.hooks.subprocess.SubprocessHook"}
{"timestamp":"2025-09-23T05:08:53.561704","level":"info","event":"  File \"/home/airflow/.local/lib/python3.12/site-packages/mlflow/tracking/_tracking_service/client.py\", line 910, in log_model_artifacts","logger":"airflow.task.hooks.airflow.providers.standard.hooks.subprocess.SubprocessHook"}
{"timestamp":"2025-09-23T05:08:53.561883","level":"info","event":"    self._get_artifact_repo(model_id, resource=\"logged_model\").log_artifacts(local_dir)","logger":"airflow.task.hooks.airflow.providers.standard.hooks.subprocess.SubprocessHook"}
{"timestamp":"2025-09-23T05:08:53.561930","level":"info","event":"  File \"/home/airflow/.local/lib/python3.12/site-packages/mlflow/store/artifact/local_artifact_repo.py\", line 67, in log_artifacts","logger":"airflow.task.hooks.airflow.providers.standard.hooks.subprocess.SubprocessHook"}
{"timestamp":"2025-09-23T05:08:53.561983","level":"info","event":"    mkdir(artifact_dir)","logger":"airflow.task.hooks.airflow.providers.standard.hooks.subprocess.SubprocessHook"}
{"timestamp":"2025-09-23T05:08:53.562015","level":"info","event":"  File \"/home/airflow/.local/lib/python3.12/site-packages/mlflow/utils/file_utils.py\", line 209, in mkdir","logger":"airflow.task.hooks.airflow.providers.standard.hooks.subprocess.SubprocessHook"}
{"timestamp":"2025-09-23T05:08:53.562046","level":"info","event":"    raise e","logger":"airflow.task.hooks.airflow.providers.standard.hooks.subprocess.SubprocessHook"}
{"timestamp":"2025-09-23T05:08:53.562080","level":"info","event":"  File \"/home/airflow/.local/lib/python3.12/site-packages/mlflow/utils/file_utils.py\", line 206, in mkdir","logger":"airflow.task.hooks.airflow.providers.standard.hooks.subprocess.SubprocessHook"}
{"timestamp":"2025-09-23T05:08:53.562109","level":"info","event":"    os.makedirs(target, exist_ok=True)","logger":"airflow.task.hooks.airflow.providers.standard.hooks.subprocess.SubprocessHook"}
{"timestamp":"2025-09-23T05:08:53.562137","level":"info","event":"  File \"<frozen os>\", line 215, in makedirs","logger":"airflow.task.hooks.airflow.providers.standard.hooks.subprocess.SubprocessHook"}
{"timestamp":"2025-09-23T05:08:53.562165","level":"info","event":"  File \"<frozen os>\", line 215, in makedirs","logger":"airflow.task.hooks.airflow.providers.standard.hooks.subprocess.SubprocessHook"}
{"timestamp":"2025-09-23T05:08:53.562191","level":"info","event":"  File \"<frozen os>\", line 215, in makedirs","logger":"airflow.task.hooks.airflow.providers.standard.hooks.subprocess.SubprocessHook"}
{"timestamp":"2025-09-23T05:08:53.562217","level":"info","event":"  [Previous line repeated 3 more times]","logger":"airflow.task.hooks.airflow.providers.standard.hooks.subprocess.SubprocessHook"}
{"timestamp":"2025-09-23T05:08:53.562243","level":"info","event":"  File \"<frozen os>\", line 225, in makedirs","logger":"airflow.task.hooks.airflow.providers.standard.hooks.subprocess.SubprocessHook"}
{"timestamp":"2025-09-23T05:08:53.562268","level":"info","event":"PermissionError: [Errno 13] Permission denied: '/C:'","logger":"airflow.task.hooks.airflow.providers.standard.hooks.subprocess.SubprocessHook"}
{"timestamp":"2025-09-23T05:08:53.984013","level":"info","event":"Command exited with return code 1","logger":"airflow.task.hooks.airflow.providers.standard.hooks.subprocess.SubprocessHook"}
{"timestamp":"2025-09-23T05:08:53.984906","level":"error","event":"Task failed with exception","logger":"task","error_detail":[{"exc_type":"AirflowException","exc_value":"Bash command failed. The command returned a non-zero exit code 1.","exc_notes":[],"syntax_error":null,"is_cause":false,"frames":[{"filename":"/home/airflow/.local/lib/python3.12/site-packages/airflow/sdk/execution_time/task_runner.py","lineno":920,"name":"run"},{"filename":"/home/airflow/.local/lib/python3.12/site-packages/airflow/sdk/execution_time/task_runner.py","lineno":1215,"name":"_execute_task"},{"filename":"/home/airflow/.local/lib/python3.12/site-packages/airflow/sdk/bases/operator.py","lineno":397,"name":"wrapper"},{"filename":"/home/airflow/.local/lib/python3.12/site-packages/airflow/providers/standard/operators/bash.py","lineno":232,"name":"execute"}],"is_group":false,"exceptions":[]}]}
