{"timestamp":"2025-09-23T08:25:12.883128","level":"info","event":"DAG bundles loaded: dags-folder","logger":"airflow.dag_processing.bundles.manager.DagBundlesManager"}
{"timestamp":"2025-09-23T08:25:12.883921","level":"info","event":"Filling up the DagBag from /opt/airflow/dags/dynamic_training_dag.py","logger":"airflow.models.dagbag.DagBag"}
{"timestamp":"2025-09-23T08:25:14.273058","level":"info","event":"Tmp dir root location: /tmp","logger":"airflow.task.hooks.airflow.providers.standard.hooks.subprocess.SubprocessHook"}
{"timestamp":"2025-09-23T08:25:14.274603","level":"info","event":"Running command: ['/usr/bin/bash', '-c', 'python /opt/airflow/dags/src/load_champion_model.py']","logger":"airflow.task.hooks.airflow.providers.standard.hooks.subprocess.SubprocessHook"}
{"timestamp":"2025-09-23T08:25:14.292206","level":"info","event":"Output:","logger":"airflow.task.hooks.airflow.providers.standard.hooks.subprocess.SubprocessHook"}
{"timestamp":"2025-09-23T08:25:17.604692","level":"info","event":"MLflow 서버에 연결을 시도합니다: http://mlflow:5000","logger":"airflow.task.hooks.airflow.providers.standard.hooks.subprocess.SubprocessHook"}
{"timestamp":"2025-09-23T08:25:17.605235","level":"info","event":"모델 로드를 시도합니다: models:/champion_model@champion","logger":"airflow.task.hooks.airflow.providers.standard.hooks.subprocess.SubprocessHook"}
{"timestamp":"2025-09-23T08:25:17.916271","level":"info","event":"\rDownloading artifacts:   0%|          | 0/7 [00:00<?, ?it/s]\rDownloading artifacts:  14%|█▍        | 1/7 [00:00<00:00, 11.49it/s]\rDownloading artifacts:  29%|██▊       | 2/7 [00:00<00:00, 20.58it/s]\rDownloading artifacts:  43%|████▎     | 3/7 [00:00<00:00, 21.17it/s]\rDownloading artifacts:  43%|████▎     | 3/7 [00:00<00:00, 21.17it/s]\rDownloading artifacts:  57%|█████▋    | 4/7 [00:00<00:00, 21.17it/s]\rDownloading artifacts:  71%|███████▏  | 5/7 [00:00<00:00, 21.17it/s]\rDownloading artifacts:  86%|████████▌ | 6/7 [00:00<00:00, 24.49it/s]\rDownloading artifacts:  86%|████████▌ | 6/7 [00:00<00:00, 24.49it/s]\rDownloading artifacts: 100%|██████████| 7/7 [00:00<00:00, 24.49it/s]\rDownloading artifacts: 100%|██████████| 7/7 [00:00<00:00, 22.50it/s]","logger":"airflow.task.hooks.airflow.providers.standard.hooks.subprocess.SubprocessHook"}
{"timestamp":"2025-09-23T08:25:19.675112","level":"info","event":"✅ 모델 로딩에 성공했습니다!","logger":"airflow.task.hooks.airflow.providers.standard.hooks.subprocess.SubprocessHook"}
{"timestamp":"2025-09-23T08:25:19.675385","level":"info","event":"","logger":"airflow.task.hooks.airflow.providers.standard.hooks.subprocess.SubprocessHook"}
{"timestamp":"2025-09-23T08:25:19.675494","level":"info","event":"--- 샘플 데이터 ---","logger":"airflow.task.hooks.airflow.providers.standard.hooks.subprocess.SubprocessHook"}
{"timestamp":"2025-09-23T08:25:19.675576","level":"info","event":"         V1        V2        V3  ...       V28  scaled_amount  scaled_time","logger":"airflow.task.hooks.airflow.providers.standard.hooks.subprocess.SubprocessHook"}
{"timestamp":"2025-09-23T08:25:19.675636","level":"info","event":"0  0.188600  0.929534  0.522371  ...  0.095899       0.904107     0.230878","logger":"airflow.task.hooks.airflow.providers.standard.hooks.subprocess.SubprocessHook"}
{"timestamp":"2025-09-23T08:25:19.675692","level":"info","event":"1  0.123811  0.279710  0.134047  ...  0.523306       0.055043     0.196354","logger":"airflow.task.hooks.airflow.providers.standard.hooks.subprocess.SubprocessHook"}
{"timestamp":"2025-09-23T08:25:19.675759","level":"info","event":"","logger":"airflow.task.hooks.airflow.providers.standard.hooks.subprocess.SubprocessHook"}
{"timestamp":"2025-09-23T08:25:19.675825","level":"info","event":"[2 rows x 30 columns]","logger":"airflow.task.hooks.airflow.providers.standard.hooks.subprocess.SubprocessHook"}
{"timestamp":"2025-09-23T08:25:19.675891","level":"info","event":"","logger":"airflow.task.hooks.airflow.providers.standard.hooks.subprocess.SubprocessHook"}
{"timestamp":"2025-09-23T08:25:19.675954","level":"info","event":"--- 예측 결과 ---","logger":"airflow.task.hooks.airflow.providers.standard.hooks.subprocess.SubprocessHook"}
{"timestamp":"2025-09-23T08:25:19.676016","level":"info","event":"[0 0]","logger":"airflow.task.hooks.airflow.providers.standard.hooks.subprocess.SubprocessHook"}
{"timestamp":"2025-09-23T08:25:20.118715","level":"info","event":"Command exited with return code 0","logger":"airflow.task.hooks.airflow.providers.standard.hooks.subprocess.SubprocessHook"}
{"timestamp":"2025-09-23T08:25:20.119783","level":"info","event":"Pushing xcom","ti":"RuntimeTaskInstance(id=UUID('019975ac-cf4c-77cd-a545-34e37684aa9e'), task_id='run_batch_prediction', dag_id='dynamic_fraud_training_pipeline', run_id='manual__2025-09-23T08:24:43.567352+00:00', try_number=1, map_index=-1, hostname='c93b509a713d', context_carrier={}, task=<Task(BashOperator): run_batch_prediction>, bundle_instance=LocalDagBundle(name=dags-folder), max_tries=0, start_date=datetime.datetime(2025, 9, 23, 8, 25, 12, 663692, tzinfo=datetime.timezone.utc), end_date=None, state=<TaskInstanceState.RUNNING: 'running'>, is_mapped=False, rendered_map_index=None, log_url='http://localhost:8080/dags/dynamic_fraud_training_pipeline/runs/manual__2025-09-23T08%3A24%3A43.567352%2B00%3A00/tasks/run_batch_prediction?try_number=1')","logger":"task"}
