{"timestamp":"2025-09-22T10:18:46.026057","level":"info","event":"DAG bundles loaded: dags-folder","logger":"airflow.dag_processing.bundles.manager.DagBundlesManager"}
{"timestamp":"2025-09-22T10:18:46.026494","level":"info","event":"Filling up the DagBag from /opt/airflow/dags/dynamic_training_dag.py","logger":"airflow.models.dagbag.DagBag"}
{"timestamp":"2025-09-22T10:18:46.986014","level":"info","event":"Tmp dir root location: /tmp","logger":"airflow.task.hooks.airflow.providers.standard.hooks.subprocess.SubprocessHook"}
{"timestamp":"2025-09-22T10:18:46.986893","level":"info","event":"Running command: ['/usr/bin/bash', '-c', 'python /opt/airflow/dags/src/train.py --model_name lgbm --n_estimators 600 --learning_rate 0.03 --max_depth 10 --num_leaves 50 --min_child_samples 20 --subsample 0.75 --colsample_bytree 0.75 ']","logger":"airflow.task.hooks.airflow.providers.standard.hooks.subprocess.SubprocessHook"}
{"timestamp":"2025-09-22T10:18:47.002518","level":"info","event":"Output:","logger":"airflow.task.hooks.airflow.providers.standard.hooks.subprocess.SubprocessHook"}
{"timestamp":"2025-09-22T10:18:53.718410","level":"info","event":"2025/09/22 10:18:53 INFO mlflow.tracking.fluent: Autologging successfully enabled for lightgbm.","logger":"airflow.task.hooks.airflow.providers.standard.hooks.subprocess.SubprocessHook"}
{"timestamp":"2025-09-22T10:18:53.830943","level":"info","event":"2025/09/22 10:18:53 INFO mlflow.tracking.fluent: Autologging successfully enabled for sklearn.","logger":"airflow.task.hooks.airflow.providers.standard.hooks.subprocess.SubprocessHook"}
{"timestamp":"2025-09-22T10:18:53.837152","level":"info","event":"2025/09/22 10:18:53 INFO mlflow.tracking.fluent: Autologging successfully enabled for xgboost.","logger":"airflow.task.hooks.airflow.providers.standard.hooks.subprocess.SubprocessHook"}
{"timestamp":"2025-09-22T10:19:18.527892","level":"info","event":"2025/09/22 10:19:18 ERROR mlflow.lightgbm: Failed to log feature importance plot. LightGBM autologging will ignore the failure and continue. Exception:","logger":"airflow.task.hooks.airflow.providers.standard.hooks.subprocess.SubprocessHook"}
{"timestamp":"2025-09-22T10:19:18.528041","level":"info","event":"Traceback (most recent call last):","logger":"airflow.task.hooks.airflow.providers.standard.hooks.subprocess.SubprocessHook"}
{"timestamp":"2025-09-22T10:19:18.528089","level":"info","event":"  File \"/home/airflow/.local/lib/python3.12/site-packages/mlflow/lightgbm/__init__.py\", line 851, in train_impl","logger":"airflow.task.hooks.airflow.providers.standard.hooks.subprocess.SubprocessHook"}
{"timestamp":"2025-09-22T10:19:18.528120","level":"info","event":"    log_feature_importance_plot(features, importance, imp_type)","logger":"airflow.task.hooks.airflow.providers.standard.hooks.subprocess.SubprocessHook"}
{"timestamp":"2025-09-22T10:19:18.528147","level":"info","event":"  File \"/home/airflow/.local/lib/python3.12/site-packages/mlflow/lightgbm/__init__.py\", line 732, in log_feature_importance_plot","logger":"airflow.task.hooks.airflow.providers.standard.hooks.subprocess.SubprocessHook"}
{"timestamp":"2025-09-22T10:19:18.528175","level":"info","event":"    mlflow.log_artifact(filepath)","logger":"airflow.task.hooks.airflow.providers.standard.hooks.subprocess.SubprocessHook"}
{"timestamp":"2025-09-22T10:19:18.528200","level":"info","event":"  File \"/home/airflow/.local/lib/python3.12/site-packages/mlflow/tracking/fluent.py\", line 1429, in log_artifact","logger":"airflow.task.hooks.airflow.providers.standard.hooks.subprocess.SubprocessHook"}
{"timestamp":"2025-09-22T10:19:18.528224","level":"info","event":"    MlflowClient().log_artifact(run_id, local_path, artifact_path)","logger":"airflow.task.hooks.airflow.providers.standard.hooks.subprocess.SubprocessHook"}
{"timestamp":"2025-09-22T10:19:18.528272","level":"info","event":"  File \"/home/airflow/.local/lib/python3.12/site-packages/mlflow/tracking/client.py\", line 2497, in log_artifact","logger":"airflow.task.hooks.airflow.providers.standard.hooks.subprocess.SubprocessHook"}
{"timestamp":"2025-09-22T10:19:18.528310","level":"info","event":"    self._tracking_client.log_artifact(run_id, local_path, artifact_path)","logger":"airflow.task.hooks.airflow.providers.standard.hooks.subprocess.SubprocessHook"}
{"timestamp":"2025-09-22T10:19:18.528337","level":"info","event":"  File \"/home/airflow/.local/lib/python3.12/site-packages/mlflow/tracking/_tracking_service/client.py\", line 674, in log_artifact","logger":"airflow.task.hooks.airflow.providers.standard.hooks.subprocess.SubprocessHook"}
{"timestamp":"2025-09-22T10:19:18.528375","level":"info","event":"    artifact_repo.log_artifact(local_path, artifact_path)","logger":"airflow.task.hooks.airflow.providers.standard.hooks.subprocess.SubprocessHook"}
{"timestamp":"2025-09-22T10:19:18.528406","level":"info","event":"  File \"/home/airflow/.local/lib/python3.12/site-packages/mlflow/store/artifact/local_artifact_repo.py\", line 44, in log_artifact","logger":"airflow.task.hooks.airflow.providers.standard.hooks.subprocess.SubprocessHook"}
{"timestamp":"2025-09-22T10:19:18.528474","level":"info","event":"    mkdir(artifact_dir)","logger":"airflow.task.hooks.airflow.providers.standard.hooks.subprocess.SubprocessHook"}
{"timestamp":"2025-09-22T10:19:18.528510","level":"info","event":"  File \"/home/airflow/.local/lib/python3.12/site-packages/mlflow/utils/file_utils.py\", line 209, in mkdir","logger":"airflow.task.hooks.airflow.providers.standard.hooks.subprocess.SubprocessHook"}
{"timestamp":"2025-09-22T10:19:18.528541","level":"info","event":"    raise e","logger":"airflow.task.hooks.airflow.providers.standard.hooks.subprocess.SubprocessHook"}
{"timestamp":"2025-09-22T10:19:18.528569","level":"info","event":"  File \"/home/airflow/.local/lib/python3.12/site-packages/mlflow/utils/file_utils.py\", line 206, in mkdir","logger":"airflow.task.hooks.airflow.providers.standard.hooks.subprocess.SubprocessHook"}
{"timestamp":"2025-09-22T10:19:18.528595","level":"info","event":"    os.makedirs(target, exist_ok=True)","logger":"airflow.task.hooks.airflow.providers.standard.hooks.subprocess.SubprocessHook"}
{"timestamp":"2025-09-22T10:19:18.528621","level":"info","event":"  File \"<frozen os>\", line 215, in makedirs","logger":"airflow.task.hooks.airflow.providers.standard.hooks.subprocess.SubprocessHook"}
{"timestamp":"2025-09-22T10:19:18.528647","level":"info","event":"  File \"<frozen os>\", line 215, in makedirs","logger":"airflow.task.hooks.airflow.providers.standard.hooks.subprocess.SubprocessHook"}
{"timestamp":"2025-09-22T10:19:18.528672","level":"info","event":"  File \"<frozen os>\", line 215, in makedirs","logger":"airflow.task.hooks.airflow.providers.standard.hooks.subprocess.SubprocessHook"}
{"timestamp":"2025-09-22T10:19:18.528701","level":"info","event":"  [Previous line repeated 2 more times]","logger":"airflow.task.hooks.airflow.providers.standard.hooks.subprocess.SubprocessHook"}
{"timestamp":"2025-09-22T10:19:18.528734","level":"info","event":"  File \"<frozen os>\", line 225, in makedirs","logger":"airflow.task.hooks.airflow.providers.standard.hooks.subprocess.SubprocessHook"}
{"timestamp":"2025-09-22T10:19:18.528783","level":"info","event":"PermissionError: [Errno 13] Permission denied: '/C:'","logger":"airflow.task.hooks.airflow.providers.standard.hooks.subprocess.SubprocessHook"}
{"timestamp":"2025-09-22T10:19:18.533182","level":"info","event":"2025/09/22 10:19:18 WARNING mlflow.utils.autologging_utils: Encountered unexpected error during lightgbm autologging: [Errno 13] Permission denied: '/C:'","logger":"airflow.task.hooks.airflow.providers.standard.hooks.subprocess.SubprocessHook"}
{"timestamp":"2025-09-22T10:19:18.538373","level":"info","event":"2025/09/22 10:19:18 WARNING mlflow.models.model: `artifact_path` is deprecated. Please use `name` instead.","logger":"airflow.task.hooks.airflow.providers.standard.hooks.subprocess.SubprocessHook"}
{"timestamp":"2025-09-22T10:19:23.864429","level":"info","event":"2025/09/22 10:19:23 WARNING mlflow.utils.autologging_utils: Encountered unexpected error during lightgbm autologging: [Errno 13] Permission denied: '/C:'","logger":"airflow.task.hooks.airflow.providers.standard.hooks.subprocess.SubprocessHook"}
{"timestamp":"2025-09-22T10:19:31.470388","level":"info","event":"\u001b[31m2025/09/22 10:19:31 WARNING mlflow.models.model: Model logged without a signature and input example. Please set `input_example` parameter when logging the model to auto infer the model signature.\u001b[0m","logger":"airflow.task.hooks.airflow.providers.standard.hooks.subprocess.SubprocessHook"}
{"timestamp":"2025-09-22T10:19:31.895037","level":"info","event":"스크립트 실행 시작...","logger":"airflow.task.hooks.airflow.providers.standard.hooks.subprocess.SubprocessHook"}
{"timestamp":"2025-09-22T10:19:31.895180","level":"info","event":"데이터 전처리 완료.","logger":"airflow.task.hooks.airflow.providers.standard.hooks.subprocess.SubprocessHook"}
{"timestamp":"2025-09-22T10:19:31.895229","level":"info","event":"MLflow Run 시작: lgbm_run","logger":"airflow.task.hooks.airflow.providers.standard.hooks.subprocess.SubprocessHook"}
{"timestamp":"2025-09-22T10:19:31.895277","level":"info","event":"[LightGBM] [Info] Number of positive: 227451, number of negative: 227451","logger":"airflow.task.hooks.airflow.providers.standard.hooks.subprocess.SubprocessHook"}
{"timestamp":"2025-09-22T10:19:31.895313","level":"info","event":"[LightGBM] [Info] Auto-choosing col-wise multi-threading, the overhead of testing was 0.028314 seconds.","logger":"airflow.task.hooks.airflow.providers.standard.hooks.subprocess.SubprocessHook"}
{"timestamp":"2025-09-22T10:19:31.895343","level":"info","event":"You can set `force_col_wise=true` to remove the overhead.","logger":"airflow.task.hooks.airflow.providers.standard.hooks.subprocess.SubprocessHook"}
{"timestamp":"2025-09-22T10:19:31.895372","level":"info","event":"[LightGBM] [Info] Total Bins 7650","logger":"airflow.task.hooks.airflow.providers.standard.hooks.subprocess.SubprocessHook"}
{"timestamp":"2025-09-22T10:19:31.895399","level":"info","event":"[LightGBM] [Info] Number of data points in the train set: 454902, number of used features: 30","logger":"airflow.task.hooks.airflow.providers.standard.hooks.subprocess.SubprocessHook"}
{"timestamp":"2025-09-22T10:19:31.895428","level":"info","event":"[LightGBM] [Info] [binary:BoostFromScore]: pavg=0.500000 -> initscore=0.000000","logger":"airflow.task.hooks.airflow.providers.standard.hooks.subprocess.SubprocessHook"}
{"timestamp":"2025-09-22T10:19:31.895459","level":"info","event":"","logger":"airflow.task.hooks.airflow.providers.standard.hooks.subprocess.SubprocessHook"}
{"timestamp":"2025-09-22T10:19:31.895491","level":"info","event":"--- 모델 평가 결과 ---","logger":"airflow.task.hooks.airflow.providers.standard.hooks.subprocess.SubprocessHook"}
{"timestamp":"2025-09-22T10:19:31.895522","level":"info","event":"[테스트 데이터] AUPRC: 0.8824, Recall: 0.8878, Precision: 0.7768, F1-Score: 0.8286","logger":"airflow.task.hooks.airflow.providers.standard.hooks.subprocess.SubprocessHook"}
{"timestamp":"2025-09-22T10:19:31.895612","level":"info","event":"🏃 View run lgbm_run at: http://host.docker.internal:5000/#/experiments/357113965122247338/runs/96fc98eeb2df49b2974b494ebd09f56e","logger":"airflow.task.hooks.airflow.providers.standard.hooks.subprocess.SubprocessHook"}
{"timestamp":"2025-09-22T10:19:31.895660","level":"info","event":"🧪 View experiment at: http://host.docker.internal:5000/#/experiments/357113965122247338","logger":"airflow.task.hooks.airflow.providers.standard.hooks.subprocess.SubprocessHook"}
{"timestamp":"2025-09-22T10:19:31.895703","level":"info","event":"Traceback (most recent call last):","logger":"airflow.task.hooks.airflow.providers.standard.hooks.subprocess.SubprocessHook"}
{"timestamp":"2025-09-22T10:19:31.895734","level":"info","event":"  File \"/opt/airflow/dags/src/train.py\", line 219, in <module>","logger":"airflow.task.hooks.airflow.providers.standard.hooks.subprocess.SubprocessHook"}
{"timestamp":"2025-09-22T10:19:31.900943","level":"info","event":"    main(args)","logger":"airflow.task.hooks.airflow.providers.standard.hooks.subprocess.SubprocessHook"}
{"timestamp":"2025-09-22T10:19:31.901051","level":"info","event":"  File \"/opt/airflow/dags/src/train.py\", line 193, in main","logger":"airflow.task.hooks.airflow.providers.standard.hooks.subprocess.SubprocessHook"}
{"timestamp":"2025-09-22T10:19:31.905776","level":"info","event":"    mlflow.sklearn.log_model(model, name=\"model\")","logger":"airflow.task.hooks.airflow.providers.standard.hooks.subprocess.SubprocessHook"}
{"timestamp":"2025-09-22T10:19:31.905938","level":"info","event":"  File \"/home/airflow/.local/lib/python3.12/site-packages/mlflow/sklearn/__init__.py\", line 426, in log_model","logger":"airflow.task.hooks.airflow.providers.standard.hooks.subprocess.SubprocessHook"}
{"timestamp":"2025-09-22T10:19:31.906020","level":"info","event":"    return Model.log(","logger":"airflow.task.hooks.airflow.providers.standard.hooks.subprocess.SubprocessHook"}
{"timestamp":"2025-09-22T10:19:31.906062","level":"info","event":"           ^^^^^^^^^^","logger":"airflow.task.hooks.airflow.providers.standard.hooks.subprocess.SubprocessHook"}
{"timestamp":"2025-09-22T10:19:31.906095","level":"info","event":"  File \"/home/airflow/.local/lib/python3.12/site-packages/mlflow/models/model.py\", line 1302, in log","logger":"airflow.task.hooks.airflow.providers.standard.hooks.subprocess.SubprocessHook"}
{"timestamp":"2025-09-22T10:19:31.906575","level":"info","event":"    client.log_model_artifacts(model.model_id, local_path)","logger":"airflow.task.hooks.airflow.providers.standard.hooks.subprocess.SubprocessHook"}
{"timestamp":"2025-09-22T10:19:31.906827","level":"info","event":"  File \"/home/airflow/.local/lib/python3.12/site-packages/mlflow/tracking/client.py\", line 5589, in log_model_artifacts","logger":"airflow.task.hooks.airflow.providers.standard.hooks.subprocess.SubprocessHook"}
{"timestamp":"2025-09-22T10:19:31.907204","level":"info","event":"    return self._tracking_client.log_model_artifacts(model_id, local_dir)","logger":"airflow.task.hooks.airflow.providers.standard.hooks.subprocess.SubprocessHook"}
{"timestamp":"2025-09-22T10:19:31.907306","level":"info","event":"           ^^^^^^^^^^^^^^^^^^^^^^^^^^^^^^^^^^^^^^^^^^^^^^^^^^^^^^^^^^^^^^","logger":"airflow.task.hooks.airflow.providers.standard.hooks.subprocess.SubprocessHook"}
{"timestamp":"2025-09-22T10:19:31.907495","level":"info","event":"  File \"/home/airflow/.local/lib/python3.12/site-packages/mlflow/tracking/_tracking_service/client.py\", line 910, in log_model_artifacts","logger":"airflow.task.hooks.airflow.providers.standard.hooks.subprocess.SubprocessHook"}
{"timestamp":"2025-09-22T10:19:31.907686","level":"info","event":"    self._get_artifact_repo(model_id, resource=\"logged_model\").log_artifacts(local_dir)","logger":"airflow.task.hooks.airflow.providers.standard.hooks.subprocess.SubprocessHook"}
{"timestamp":"2025-09-22T10:19:31.907809","level":"info","event":"  File \"/home/airflow/.local/lib/python3.12/site-packages/mlflow/store/artifact/local_artifact_repo.py\", line 67, in log_artifacts","logger":"airflow.task.hooks.airflow.providers.standard.hooks.subprocess.SubprocessHook"}
{"timestamp":"2025-09-22T10:19:31.907859","level":"info","event":"    mkdir(artifact_dir)","logger":"airflow.task.hooks.airflow.providers.standard.hooks.subprocess.SubprocessHook"}
{"timestamp":"2025-09-22T10:19:31.907897","level":"info","event":"  File \"/home/airflow/.local/lib/python3.12/site-packages/mlflow/utils/file_utils.py\", line 209, in mkdir","logger":"airflow.task.hooks.airflow.providers.standard.hooks.subprocess.SubprocessHook"}
{"timestamp":"2025-09-22T10:19:31.907928","level":"info","event":"    raise e","logger":"airflow.task.hooks.airflow.providers.standard.hooks.subprocess.SubprocessHook"}
{"timestamp":"2025-09-22T10:19:31.907960","level":"info","event":"  File \"/home/airflow/.local/lib/python3.12/site-packages/mlflow/utils/file_utils.py\", line 206, in mkdir","logger":"airflow.task.hooks.airflow.providers.standard.hooks.subprocess.SubprocessHook"}
{"timestamp":"2025-09-22T10:19:31.907989","level":"info","event":"    os.makedirs(target, exist_ok=True)","logger":"airflow.task.hooks.airflow.providers.standard.hooks.subprocess.SubprocessHook"}
{"timestamp":"2025-09-22T10:19:31.908022","level":"info","event":"  File \"<frozen os>\", line 215, in makedirs","logger":"airflow.task.hooks.airflow.providers.standard.hooks.subprocess.SubprocessHook"}
{"timestamp":"2025-09-22T10:19:31.908049","level":"info","event":"  File \"<frozen os>\", line 215, in makedirs","logger":"airflow.task.hooks.airflow.providers.standard.hooks.subprocess.SubprocessHook"}
{"timestamp":"2025-09-22T10:19:31.908074","level":"info","event":"  File \"<frozen os>\", line 215, in makedirs","logger":"airflow.task.hooks.airflow.providers.standard.hooks.subprocess.SubprocessHook"}
{"timestamp":"2025-09-22T10:19:31.908099","level":"info","event":"  [Previous line repeated 3 more times]","logger":"airflow.task.hooks.airflow.providers.standard.hooks.subprocess.SubprocessHook"}
{"timestamp":"2025-09-22T10:19:31.908125","level":"info","event":"  File \"<frozen os>\", line 225, in makedirs","logger":"airflow.task.hooks.airflow.providers.standard.hooks.subprocess.SubprocessHook"}
{"timestamp":"2025-09-22T10:19:31.908151","level":"info","event":"PermissionError: [Errno 13] Permission denied: '/C:'","logger":"airflow.task.hooks.airflow.providers.standard.hooks.subprocess.SubprocessHook"}
{"timestamp":"2025-09-22T10:19:32.424174","level":"info","event":"Command exited with return code 1","logger":"airflow.task.hooks.airflow.providers.standard.hooks.subprocess.SubprocessHook"}
{"timestamp":"2025-09-22T10:19:32.425054","level":"error","event":"Task failed with exception","logger":"task","error_detail":[{"exc_type":"AirflowException","exc_value":"Bash command failed. The command returned a non-zero exit code 1.","exc_notes":[],"syntax_error":null,"is_cause":false,"frames":[{"filename":"/home/airflow/.local/lib/python3.12/site-packages/airflow/sdk/execution_time/task_runner.py","lineno":920,"name":"run"},{"filename":"/home/airflow/.local/lib/python3.12/site-packages/airflow/sdk/execution_time/task_runner.py","lineno":1215,"name":"_execute_task"},{"filename":"/home/airflow/.local/lib/python3.12/site-packages/airflow/sdk/bases/operator.py","lineno":397,"name":"wrapper"},{"filename":"/home/airflow/.local/lib/python3.12/site-packages/airflow/providers/standard/operators/bash.py","lineno":232,"name":"execute"}],"is_group":false,"exceptions":[]}]}
